
*** Running vivado
    with args -log dist_mem_gen_0.vds -m64 -product Vivado -mode batch -messageDb vivado.pb -notrace -source dist_mem_gen_0.tcl


****** Vivado v2019.1 (64-bit)
  **** SW Build 2552052 on Fri May 24 14:49:42 MDT 2019
  **** IP Build 2548770 on Fri May 24 18:01:18 MDT 2019
    ** Copyright 1986-2019 Xilinx, Inc. All Rights Reserved.

source dist_mem_gen_0.tcl -notrace
Command: synth_design -top dist_mem_gen_0 -part xc7a100tcsg324-1 -mode out_of_context
Starting synth_design
Attempting to get a license for feature 'Synthesis' and/or device 'xc7a100t'
INFO: [Common 17-349] Got license for feature 'Synthesis' and/or device 'xc7a100t'
INFO: [Device 21-403] Loading part xc7a100tcsg324-1
INFO: Launching helper process for spawning children vivado processes
INFO: Helper process launched with PID 340 
---------------------------------------------------------------------------------
Starting RTL Elaboration : Time (s): cpu = 00:00:03 ; elapsed = 00:00:05 . Memory (MB): peak = 726.047 ; gain = 179.129
---------------------------------------------------------------------------------
INFO: [Synth 8-638] synthesizing module 'dist_mem_gen_0' [c:/Users/expecto/Desktop/COD_Lab/Lab2/Lab2.srcs/sources_1/ip/dist_mem_gen_0/synth/dist_mem_gen_0.vhd:69]
	Parameter C_FAMILY bound to: artix7 - type: string 
	Parameter C_ADDR_WIDTH bound to: 4 - type: integer 
	Parameter C_DEFAULT_DATA bound to: 0 - type: string 
	Parameter C_DEPTH bound to: 16 - type: integer 
	Parameter C_HAS_CLK bound to: 1 - type: integer 
	Parameter C_HAS_D bound to: 1 - type: integer 
	Parameter C_HAS_DPO bound to: 0 - type: integer 
	Parameter C_HAS_DPRA bound to: 0 - type: integer 
	Parameter C_HAS_I_CE bound to: 0 - type: integer 
	Parameter C_HAS_QDPO bound to: 0 - type: integer 
	Parameter C_HAS_QDPO_CE bound to: 0 - type: integer 
	Parameter C_HAS_QDPO_CLK bound to: 0 - type: integer 
	Parameter C_HAS_QDPO_RST bound to: 0 - type: integer 
	Parameter C_HAS_QDPO_SRST bound to: 0 - type: integer 
	Parameter C_HAS_QSPO bound to: 0 - type: integer 
	Parameter C_HAS_QSPO_CE bound to: 0 - type: integer 
	Parameter C_HAS_QSPO_RST bound to: 0 - type: integer 
	Parameter C_HAS_QSPO_SRST bound to: 0 - type: integer 
	Parameter C_HAS_SPO bound to: 1 - type: integer 
	Parameter C_HAS_WE bound to: 1 - type: integer 
	Parameter C_MEM_INIT_FILE bound to: dist_mem_gen_0.mif - type: string 
	Parameter C_ELABORATION_DIR bound to: ./ - type: string 
	Parameter C_MEM_TYPE bound to: 1 - type: integer 
	Parameter C_PIPELINE_STAGES bound to: 0 - type: integer 
	Parameter C_QCE_JOINED bound to: 0 - type: integer 
	Parameter C_QUALIFY_WE bound to: 0 - type: integer 
	Parameter C_READ_MIF bound to: 1 - type: integer 
	Parameter C_REG_A_D_INPUTS bound to: 0 - type: integer 
	Parameter C_REG_DPRA_INPUT bound to: 0 - type: integer 
	Parameter C_SYNC_ENABLE bound to: 1 - type: integer 
	Parameter C_WIDTH bound to: 8 - type: integer 
	Parameter C_PARSER_TYPE bound to: 1 - type: integer 
INFO: [Synth 8-3491] module 'dist_mem_gen_v8_0_13' declared at 'c:/Users/expecto/Desktop/COD_Lab/Lab2/Lab2.srcs/sources_1/ip/dist_mem_gen_0/hdl/dist_mem_gen_v8_0_vhsyn_rfs.vhd:3237' bound to instance 'U0' of component 'dist_mem_gen_v8_0_13' [c:/Users/expecto/Desktop/COD_Lab/Lab2/Lab2.srcs/sources_1/ip/dist_mem_gen_0/synth/dist_mem_gen_0.vhd:135]
INFO: [Synth 8-256] done synthesizing module 'dist_mem_gen_0' (4#1) [c:/Users/expecto/Desktop/COD_Lab/Lab2/Lab2.srcs/sources_1/ip/dist_mem_gen_0/synth/dist_mem_gen_0.vhd:69]
WARNING: [Synth 8-3331] design spram has unconnected port qspo[7]
WARNING: [Synth 8-3331] design spram has unconnected port qspo[6]
WARNING: [Synth 8-3331] design spram has unconnected port qspo[5]
WARNING: [Synth 8-3331] design spram has unconnected port qspo[4]
WARNING: [Synth 8-3331] design spram has unconnected port qspo[3]
WARNING: [Synth 8-3331] design spram has unconnected port qspo[2]
WARNING: [Synth 8-3331] design spram has unconnected port qspo[1]
WARNING: [Synth 8-3331] design spram has unconnected port qspo[0]
WARNING: [Synth 8-3331] design spram has unconnected port i_ce
WARNING: [Synth 8-3331] design spram has unconnected port qspo_ce
WARNING: [Synth 8-3331] design spram has unconnected port qspo_rst
WARNING: [Synth 8-3331] design spram has unconnected port qspo_srst
WARNING: [Synth 8-3331] design dist_mem_gen_v8_0_13_synth has unconnected port dpo[7]
WARNING: [Synth 8-3331] design dist_mem_gen_v8_0_13_synth has unconnected port dpo[6]
WARNING: [Synth 8-3331] design dist_mem_gen_v8_0_13_synth has unconnected port dpo[5]
WARNING: [Synth 8-3331] design dist_mem_gen_v8_0_13_synth has unconnected port dpo[4]
WARNING: [Synth 8-3331] design dist_mem_gen_v8_0_13_synth has unconnected port dpo[3]
WARNING: [Synth 8-3331] design dist_mem_gen_v8_0_13_synth has unconnected port dpo[2]
WARNING: [Synth 8-3331] design dist_mem_gen_v8_0_13_synth has unconnected port dpo[1]
WARNING: [Synth 8-3331] design dist_mem_gen_v8_0_13_synth has unconnected port dpo[0]
WARNING: [Synth 8-3331] design dist_mem_gen_v8_0_13_synth has unconnected port qdpo[7]
WARNING: [Synth 8-3331] design dist_mem_gen_v8_0_13_synth has unconnected port qdpo[6]
WARNING: [Synth 8-3331] design dist_mem_gen_v8_0_13_synth has unconnected port qdpo[5]
WARNING: [Synth 8-3331] design dist_mem_gen_v8_0_13_synth has unconnected port qdpo[4]
WARNING: [Synth 8-3331] design dist_mem_gen_v8_0_13_synth has unconnected port qdpo[3]
WARNING: [Synth 8-3331] design dist_mem_gen_v8_0_13_synth has unconnected port qdpo[2]
WARNING: [Synth 8-3331] design dist_mem_gen_v8_0_13_synth has unconnected port qdpo[1]
WARNING: [Synth 8-3331] design dist_mem_gen_v8_0_13_synth has unconnected port qdpo[0]
WARNING: [Synth 8-3331] design dist_mem_gen_v8_0_13_synth has unconnected port dpra[3]
WARNING: [Synth 8-3331] design dist_mem_gen_v8_0_13_synth has unconnected port dpra[2]
WARNING: [Synth 8-3331] design dist_mem_gen_v8_0_13_synth has unconnected port dpra[1]
WARNING: [Synth 8-3331] design dist_mem_gen_v8_0_13_synth has unconnected port dpra[0]
WARNING: [Synth 8-3331] design dist_mem_gen_v8_0_13_synth has unconnected port qdpo_ce
WARNING: [Synth 8-3331] design dist_mem_gen_v8_0_13_synth has unconnected port qdpo_clk
WARNING: [Synth 8-3331] design dist_mem_gen_v8_0_13_synth has unconnected port qdpo_rst
WARNING: [Synth 8-3331] design dist_mem_gen_v8_0_13_synth has unconnected port qdpo_srst
WARNING: [Synth 8-3331] design dist_mem_gen_v8_0_13 has unconnected port dpra[3]
WARNING: [Synth 8-3331] design dist_mem_gen_v8_0_13 has unconnected port dpra[2]
WARNING: [Synth 8-3331] design dist_mem_gen_v8_0_13 has unconnected port dpra[1]
WARNING: [Synth 8-3331] design dist_mem_gen_v8_0_13 has unconnected port dpra[0]
WARNING: [Synth 8-3331] design dist_mem_gen_v8_0_13 has unconnected port i_ce
WARNING: [Synth 8-3331] design dist_mem_gen_v8_0_13 has unconnected port qspo_ce
WARNING: [Synth 8-3331] design dist_mem_gen_v8_0_13 has unconnected port qdpo_ce
WARNING: [Synth 8-3331] design dist_mem_gen_v8_0_13 has unconnected port qdpo_clk
WARNING: [Synth 8-3331] design dist_mem_gen_v8_0_13 has unconnected port qspo_rst
WARNING: [Synth 8-3331] design dist_mem_gen_v8_0_13 has unconnected port qdpo_rst
WARNING: [Synth 8-3331] design dist_mem_gen_v8_0_13 has unconnected port qspo_srst
WARNING: [Synth 8-3331] design dist_mem_gen_v8_0_13 has unconnected port qdpo_srst
---------------------------------------------------------------------------------
Finished RTL Elaboration : Time (s): cpu = 00:00:03 ; elapsed = 00:00:06 . Memory (MB): peak = 792.277 ; gain = 245.359
---------------------------------------------------------------------------------

Report Check Netlist: 
+------+------------------+-------+---------+-------+------------------+
|      |Item              |Errors |Warnings |Status |Description       |
+------+------------------+-------+---------+-------+------------------+
|1     |multi_driven_nets |      0|        0|Passed |Multi driven nets |
+------+------------------+-------+---------+-------+------------------+
---------------------------------------------------------------------------------
Start Handling Custom Attributes
---------------------------------------------------------------------------------
---------------------------------------------------------------------------------
Finished Handling Custom Attributes : Time (s): cpu = 00:00:04 ; elapsed = 00:00:07 . Memory (MB): peak = 792.277 ; gain = 245.359
---------------------------------------------------------------------------------
---------------------------------------------------------------------------------
Finished RTL Optimization Phase 1 : Time (s): cpu = 00:00:04 ; elapsed = 00:00:07 . Memory (MB): peak = 792.277 ; gain = 245.359
---------------------------------------------------------------------------------
INFO: [Project 1-570] Preparing netlist for logic optimization

Processing XDC Constraints
Initializing timing engine
Parsing XDC File [c:/Users/expecto/Desktop/COD_Lab/Lab2/Lab2.srcs/sources_1/ip/dist_mem_gen_0/dist_mem_gen_0_ooc.xdc] for cell 'U0'
Finished Parsing XDC File [c:/Users/expecto/Desktop/COD_Lab/Lab2/Lab2.srcs/sources_1/ip/dist_mem_gen_0/dist_mem_gen_0_ooc.xdc] for cell 'U0'
Parsing XDC File [C:/Users/expecto/Desktop/COD_Lab/Lab2/Lab2.runs/dist_mem_gen_0_synth_1/dont_touch.xdc]
Finished Parsing XDC File [C:/Users/expecto/Desktop/COD_Lab/Lab2/Lab2.runs/dist_mem_gen_0_synth_1/dont_touch.xdc]
Completed Processing XDC Constraints

Netlist sorting complete. Time (s): cpu = 00:00:00 ; elapsed = 00:00:00 . Memory (MB): peak = 844.539 ; gain = 0.000
INFO: [Project 1-111] Unisim Transformation Summary:
No Unisim elements were transformed.

Constraint Validation Runtime : Time (s): cpu = 00:00:00 ; elapsed = 00:00:00.025 . Memory (MB): peak = 856.164 ; gain = 11.625
---------------------------------------------------------------------------------
Finished Constraint Validation : Time (s): cpu = 00:00:07 ; elapsed = 00:00:11 . Memory (MB): peak = 856.164 ; gain = 309.246
---------------------------------------------------------------------------------
---------------------------------------------------------------------------------
Start Loading Part and Timing Information
---------------------------------------------------------------------------------
Loading part: xc7a100tcsg324-1
---------------------------------------------------------------------------------
Finished Loading Part and Timing Information : Time (s): cpu = 00:00:07 ; elapsed = 00:00:11 . Memory (MB): peak = 856.164 ; gain = 309.246
---------------------------------------------------------------------------------
---------------------------------------------------------------------------------
Start Applying 'set_property' XDC Constraints
---------------------------------------------------------------------------------
Applied set_property DONT_TOUCH = true for U0. (constraint file  C:/Users/expecto/Desktop/COD_Lab/Lab2/Lab2.runs/dist_mem_gen_0_synth_1/dont_touch.xdc, line 9).
---------------------------------------------------------------------------------
Finished applying 'set_property' XDC Constraints : Time (s): cpu = 00:00:07 ; elapsed = 00:00:11 . Memory (MB): peak = 856.164 ; gain = 309.246
---------------------------------------------------------------------------------
---------------------------------------------------------------------------------
Finished RTL Optimization Phase 2 : Time (s): cpu = 00:00:07 ; elapsed = 00:00:11 . Memory (MB): peak = 856.164 ; gain = 309.246
---------------------------------------------------------------------------------

Report RTL Partitions: 
+-+--------------+------------+----------+
| |RTL Partition |Replication |Instances |
+-+--------------+------------+----------+
+-+--------------+------------+----------+
---------------------------------------------------------------------------------
Start RTL Component Statistics 
---------------------------------------------------------------------------------
Detailed RTL Component Info : 
+---Registers : 
	                8 Bit    Registers := 1     
---------------------------------------------------------------------------------
Finished RTL Component Statistics 
---------------------------------------------------------------------------------
---------------------------------------------------------------------------------
Start RTL Hierarchical Component Statistics 
---------------------------------------------------------------------------------
Hierarchical RTL Component report 
Module spram 
Detailed RTL Component Info : 
+---Registers : 
	                8 Bit    Registers := 1     
---------------------------------------------------------------------------------
Finished RTL Hierarchical Component Statistics
---------------------------------------------------------------------------------
---------------------------------------------------------------------------------
Start Part Resource Summary
---------------------------------------------------------------------------------
Part Resources:
DSPs: 240 (col length:80)
BRAMs: 270 (col length: RAMB18 80 RAMB36 40)
---------------------------------------------------------------------------------
Finished Part Resource Summary
---------------------------------------------------------------------------------
---------------------------------------------------------------------------------
Start Cross Boundary and Area Optimization
---------------------------------------------------------------------------------
Warning: Parallel synthesis criteria is not met 
WARNING: [Synth 8-3331] design dist_mem_gen_v8_0_13 has unconnected port dpo[7]
WARNING: [Synth 8-3331] design dist_mem_gen_v8_0_13 has unconnected port dpo[6]
WARNING: [Synth 8-3331] design dist_mem_gen_v8_0_13 has unconnected port dpo[5]
WARNING: [Synth 8-3331] design dist_mem_gen_v8_0_13 has unconnected port dpo[4]
WARNING: [Synth 8-3331] design dist_mem_gen_v8_0_13 has unconnected port dpo[3]
WARNING: [Synth 8-3331] design dist_mem_gen_v8_0_13 has unconnected port dpo[2]
WARNING: [Synth 8-3331] design dist_mem_gen_v8_0_13 has unconnected port dpo[1]
WARNING: [Synth 8-3331] design dist_mem_gen_v8_0_13 has unconnected port dpo[0]
WARNING: [Synth 8-3331] design dist_mem_gen_v8_0_13 has unconnected port qspo[7]
WARNING: [Synth 8-3331] design dist_mem_gen_v8_0_13 has unconnected port qspo[6]
WARNING: [Synth 8-3331] design dist_mem_gen_v8_0_13 has unconnected port qspo[5]
WARNING: [Synth 8-3331] design dist_mem_gen_v8_0_13 has unconnected port qspo[4]
WARNING: [Synth 8-3331] design dist_mem_gen_v8_0_13 has unconnected port qspo[3]
WARNING: [Synth 8-3331] design dist_mem_gen_v8_0_13 has unconnected port qspo[2]
WARNING: [Synth 8-3331] design dist_mem_gen_v8_0_13 has unconnected port qspo[1]
WARNING: [Synth 8-3331] design dist_mem_gen_v8_0_13 has unconnected port qspo[0]
WARNING: [Synth 8-3331] design dist_mem_gen_v8_0_13 has unconnected port qdpo[7]
WARNING: [Synth 8-3331] design dist_mem_gen_v8_0_13 has unconnected port qdpo[6]
WARNING: [Synth 8-3331] design dist_mem_gen_v8_0_13 has unconnected port qdpo[5]
WARNING: [Synth 8-3331] design dist_mem_gen_v8_0_13 has unconnected port qdpo[4]
WARNING: [Synth 8-3331] design dist_mem_gen_v8_0_13 has unconnected port qdpo[3]
WARNING: [Synth 8-3331] design dist_mem_gen_v8_0_13 has unconnected port qdpo[2]
WARNING: [Synth 8-3331] design dist_mem_gen_v8_0_13 has unconnected port qdpo[1]
WARNING: [Synth 8-3331] design dist_mem_gen_v8_0_13 has unconnected port qdpo[0]
WARNING: [Synth 8-3331] design dist_mem_gen_v8_0_13 has unconnected port dpra[3]
WARNING: [Synth 8-3331] design dist_mem_gen_v8_0_13 has unconnected port dpra[2]
WARNING: [Synth 8-3331] design dist_mem_gen_v8_0_13 has unconnected port dpra[1]
WARNING: [Synth 8-3331] design dist_mem_gen_v8_0_13 has unconnected port dpra[0]
WARNING: [Synth 8-3331] design dist_mem_gen_v8_0_13 has unconnected port i_ce
WARNING: [Synth 8-3331] design dist_mem_gen_v8_0_13 has unconnected port qspo_ce
WARNING: [Synth 8-3331] design dist_mem_gen_v8_0_13 has unconnected port qdpo_ce
WARNING: [Synth 8-3331] design dist_mem_gen_v8_0_13 has unconnected port qdpo_clk
WARNING: [Synth 8-3331] design dist_mem_gen_v8_0_13 has unconnected port qspo_rst
WARNING: [Synth 8-3331] design dist_mem_gen_v8_0_13 has unconnected port qdpo_rst
WARNING: [Synth 8-3331] design dist_mem_gen_v8_0_13 has unconnected port qspo_srst
WARNING: [Synth 8-3331] design dist_mem_gen_v8_0_13 has unconnected port qdpo_srst
---------------------------------------------------------------------------------
Finished Cross Boundary and Area Optimization : Time (s): cpu = 00:00:07 ; elapsed = 00:00:12 . Memory (MB): peak = 856.164 ; gain = 309.246
---------------------------------------------------------------------------------
---------------------------------------------------------------------------------
Start ROM, RAM, DSP and Shift Register Reporting
---------------------------------------------------------------------------------

Distributed RAM: Preliminary Mapping  Report (see note below)
+------------+-----------------------------------------------------------+-----------+----------------------+----------------+
|Module Name | RTL Object                                                | Inference | Size (Depth x Width) | Primitives     | 
+------------+-----------------------------------------------------------+-----------+----------------------+----------------+
|U0          | synth_options.dist_mem_inst/gen_sp_ram.spram_inst/ram_reg | Implied   | 16 x 8               | RAM16X1S x 8   | 
+------------+-----------------------------------------------------------+-----------+----------------------+----------------+

Note: The table above is a preliminary report that shows the Distributed RAMs at the current stage of the synthesis flow. Some Distributed RAMs may be reimplemented as non Distributed RAM primitives later in the synthesis flow. Multiple instantiated RAMs are reported only once.
---------------------------------------------------------------------------------
Finished ROM, RAM, DSP and Shift Register Reporting
---------------------------------------------------------------------------------

Report RTL Partitions: 
+-+--------------+------------+----------+
| |RTL Partition |Replication |Instances |
+-+--------------+------------+----------+
+-+--------------+------------+----------+
---------------------------------------------------------------------------------
Start Applying XDC Timing Constraints
---------------------------------------------------------------------------------
---------------------------------------------------------------------------------
Finished Applying XDC Timing Constraints : Time (s): cpu = 00:00:12 ; elapsed = 00:00:18 . Memory (MB): peak = 872.227 ; gain = 325.309
---------------------------------------------------------------------------------
---------------------------------------------------------------------------------
Start Timing Optimization
---------------------------------------------------------------------------------
---------------------------------------------------------------------------------
Finished Timing Optimization : Time (s): cpu = 00:00:12 ; elapsed = 00:00:18 . Memory (MB): peak = 872.305 ; gain = 325.387
---------------------------------------------------------------------------------
---------------------------------------------------------------------------------
Start ROM, RAM, DSP and Shift Register Reporting
---------------------------------------------------------------------------------

Distributed RAM: Final Mapping  Report
+------------+-----------------------------------------------------------+-----------+----------------------+----------------+
|Module Name | RTL Object                                                | Inference | Size (Depth x Width) | Primitives     | 
+------------+-----------------------------------------------------------+-----------+----------------------+----------------+
|U0          | synth_options.dist_mem_inst/gen_sp_ram.spram_inst/ram_reg | Implied   | 16 x 8               | RAM16X1S x 8   | 
+------------+-----------------------------------------------------------+-----------+----------------------+----------------+

---------------------------------------------------------------------------------
Finished ROM, RAM, DSP and Shift Register Reporting
---------------------------------------------------------------------------------

Report RTL Partitions: 
+-+--------------+------------+----------+
| |RTL Partition |Replication |Instances |
+-+--------------+------------+----------+
+-+--------------+------------+----------+
---------------------------------------------------------------------------------
Start Technology Mapping
---------------------------------------------------------------------------------
---------------------------------------------------------------------------------
Finished Technology Mapping : Time (s): cpu = 00:00:12 ; elapsed = 00:00:18 . Memory (MB): peak = 881.875 ; gain = 334.957
---------------------------------------------------------------------------------

Report RTL Partitions: 
+-+--------------+------------+----------+
| |RTL Partition |Replication |Instances |
+-+--------------+------------+----------+
+-+--------------+------------+----------+
---------------------------------------------------------------------------------
Start IO Insertion
---------------------------------------------------------------------------------
---------------------------------------------------------------------------------
Start Flattening Before IO Insertion
---------------------------------------------------------------------------------
---------------------------------------------------------------------------------
Finished Flattening Before IO Insertion
---------------------------------------------------------------------------------
---------------------------------------------------------------------------------
Start Final Netlist Cleanup
---------------------------------------------------------------------------------
---------------------------------------------------------------------------------
Finished Final Netlist Cleanup
---------------------------------------------------------------------------------
---------------------------------------------------------------------------------
Finished IO Insertion : Time (s): cpu = 00:00:13 ; elapsed = 00:00:20 . Memory (MB): peak = 897.668 ; gain = 350.750
---------------------------------------------------------------------------------

Report Check Netlist: 
+------+------------------+-------+---------+-------+------------------+
|      |Item              |Errors |Warnings |Status |Description       |
+------+------------------+-------+---------+-------+------------------+
|1     |multi_driven_nets |      0|        0|Passed |Multi driven nets |
+------+------------------+-------+---------+-------+------------------+
---------------------------------------------------------------------------------
Start Renaming Generated Instances
---------------------------------------------------------------------------------
---------------------------------------------------------------------------------
Finished Renaming Generated Instances : Time (s): cpu = 00:00:13 ; elapsed = 00:00:20 . Memory (MB): peak = 897.668 ; gain = 350.750
---------------------------------------------------------------------------------

Report RTL Partitions: 
+-+--------------+------------+----------+
| |RTL Partition |Replication |Instances |
+-+--------------+------------+----------+
+-+--------------+------------+----------+
---------------------------------------------------------------------------------
Start Rebuilding User Hierarchy
---------------------------------------------------------------------------------
---------------------------------------------------------------------------------
Finished Rebuilding User Hierarchy : Time (s): cpu = 00:00:13 ; elapsed = 00:00:20 . Memory (MB): peak = 897.668 ; gain = 350.750
---------------------------------------------------------------------------------
---------------------------------------------------------------------------------
Start Renaming Generated Ports
---------------------------------------------------------------------------------
---------------------------------------------------------------------------------
Finished Renaming Generated Ports : Time (s): cpu = 00:00:13 ; elapsed = 00:00:20 . Memory (MB): peak = 897.668 ; gain = 350.750
---------------------------------------------------------------------------------
---------------------------------------------------------------------------------
Start Handling Custom Attributes
---------------------------------------------------------------------------------
---------------------------------------------------------------------------------
Finished Handling Custom Attributes : Time (s): cpu = 00:00:13 ; elapsed = 00:00:20 . Memory (MB): peak = 897.668 ; gain = 350.750
---------------------------------------------------------------------------------
---------------------------------------------------------------------------------
Start Renaming Generated Nets
---------------------------------------------------------------------------------
---------------------------------------------------------------------------------
Finished Renaming Generated Nets : Time (s): cpu = 00:00:13 ; elapsed = 00:00:20 . Memory (MB): peak = 897.668 ; gain = 350.750
---------------------------------------------------------------------------------
---------------------------------------------------------------------------------
Start Writing Synthesis Report
---------------------------------------------------------------------------------

Report BlackBoxes: 
+-+--------------+----------+
| |BlackBox name |Instances |
+-+--------------+----------+
+-+--------------+----------+

Report Cell Usage: 
+------+---------+------+
|      |Cell     |Count |
+------+---------+------+
|1     |RAM16X1S |     8|
|2     |FDRE     |     8|
+------+---------+------+

Report Instance Areas: 
+------+----------------------------------+---------------------------+------+
|      |Instance                          |Module                     |Cells |
+------+----------------------------------+---------------------------+------+
|1     |top                               |                           |    16|
|2     |  U0                              |dist_mem_gen_v8_0_13       |    16|
|3     |    \synth_options.dist_mem_inst  |dist_mem_gen_v8_0_13_synth |    16|
|4     |      \gen_sp_ram.spram_inst      |spram                      |    16|
+------+----------------------------------+---------------------------+------+
---------------------------------------------------------------------------------
Finished Writing Synthesis Report : Time (s): cpu = 00:00:13 ; elapsed = 00:00:20 . Memory (MB): peak = 897.668 ; gain = 350.750
---------------------------------------------------------------------------------
Synthesis finished with 0 errors, 0 critical warnings and 36 warnings.
Synthesis Optimization Runtime : Time (s): cpu = 00:00:08 ; elapsed = 00:00:18 . Memory (MB): peak = 897.668 ; gain = 286.863
Synthesis Optimization Complete : Time (s): cpu = 00:00:13 ; elapsed = 00:00:20 . Memory (MB): peak = 897.668 ; gain = 350.750
INFO: [Project 1-571] Translating synthesized netlist
INFO: [Netlist 29-17] Analyzing 8 Unisim elements for replacement
INFO: [Netlist 29-28] Unisim Transformation completed in 0 CPU seconds
INFO: [Project 1-570] Preparing netlist for logic optimization
INFO: [Opt 31-138] Pushed 0 inverter(s) to 0 load pin(s).
Netlist sorting complete. Time (s): cpu = 00:00:00 ; elapsed = 00:00:00 . Memory (MB): peak = 918.316 ; gain = 0.000
INFO: [Project 1-111] Unisim Transformation Summary:
  A total of 8 instances were transformed.
  RAM16X1S => RAM32X1S (RAMS32): 8 instances

INFO: [Common 17-83] Releasing license: Synthesis
14 Infos, 84 Warnings, 0 Critical Warnings and 0 Errors encountered.
synth_design completed successfully
synth_design: Time (s): cpu = 00:00:17 ; elapsed = 00:00:26 . Memory (MB): peak = 918.316 ; gain = 620.680
Netlist sorting complete. Time (s): cpu = 00:00:00 ; elapsed = 00:00:00 . Memory (MB): peak = 918.316 ; gain = 0.000
WARNING: [Constraints 18-5210] No constraints selected for write.
Resolution: This message can indicate that there are no constraints for the design, or it can indicate that the used_in flags are set such that the constraints are ignored. This later case is used when running synth_design to not write synthesis constraints to the resulting checkpoint. Instead, project constraints are read when the synthesized design is opened.
INFO: [Common 17-1381] The checkpoint 'C:/Users/expecto/Desktop/COD_Lab/Lab2/Lab2.runs/dist_mem_gen_0_synth_1/dist_mem_gen_0.dcp' has been generated.
WARNING: [Common 17-576] 'use_project_ipc' is deprecated. This option is deprecated and no longer used.
INFO: [Coretcl 2-1648] Added synthesis output to IP cache for IP dist_mem_gen_0, cache-ID = e3d880aa8c47da0f
INFO: [Coretcl 2-1174] Renamed 3 cell refs.
Netlist sorting complete. Time (s): cpu = 00:00:00 ; elapsed = 00:00:00 . Memory (MB): peak = 918.316 ; gain = 0.000
WARNING: [Constraints 18-5210] No constraints selected for write.
Resolution: This message can indicate that there are no constraints for the design, or it can indicate that the used_in flags are set such that the constraints are ignored. This later case is used when running synth_design to not write synthesis constraints to the resulting checkpoint. Instead, project constraints are read when the synthesized design is opened.
INFO: [Common 17-1381] The checkpoint 'C:/Users/expecto/Desktop/COD_Lab/Lab2/Lab2.runs/dist_mem_gen_0_synth_1/dist_mem_gen_0.dcp' has been generated.
INFO: [runtcl-4] Executing : report_utilization -file dist_mem_gen_0_utilization_synth.rpt -pb dist_mem_gen_0_utilization_synth.pb
INFO: [Common 17-206] Exiting Vivado at Mon Apr 10 16:51:22 2023...
