#-----------------------------------------------------------
# Vivado v2019.1 (64-bit)
# SW Build 2552052 on Fri May 24 14:49:42 MDT 2019
# IP Build 2548770 on Fri May 24 18:01:18 MDT 2019
# Start of session at: Tue Apr 11 12:56:42 2023
# Process ID: 14172
# Current directory: C:/Users/expecto/Desktop/COD_Lab/Lab2
# Command line: vivado.exe -gui_launcher_event rodinguilauncherevent12624 C:\Users\expecto\Desktop\COD_Lab\Lab2\Lab2.xpr
# Log file: C:/Users/expecto/Desktop/COD_Lab/Lab2/vivado.log
# Journal file: C:/Users/expecto/Desktop/COD_Lab/Lab2\vivado.jou
#-----------------------------------------------------------
start_gui
open_project C:/Users/expecto/Desktop/COD_Lab/Lab2/Lab2.xpr
Scanning sources...
Finished scanning sources
INFO: [IP_Flow 19-234] Refreshing IP repositories
INFO: [IP_Flow 19-1704] No user IP repositories specified
INFO: [IP_Flow 19-2313] Loaded Vivado IP repository 'C:/Xilinx/Vivado/2019.1/data/ip'.
update_compile_order -fileset sources_1
WARNING: [IP_Flow 19-4067] Ignoring invalid widget type specified checkbox.Providing a default widget
WARNING: [IP_Flow 19-4067] Ignoring invalid widget type specified checkbox.Providing a default widget
INFO: [IP_Flow 19-3484] Absolute path of file 'c:/Users/expecto/Desktop/COD_Lab/Lab2/coe.coe' provided. It will be converted relative to IP Instance files '../../../../coe.coe'
INFO: [IP_Flow 19-3484] Absolute path of file 'c:/Users/expecto/Desktop/COD_Lab/Lab2/coe.coe' provided. It will be converted relative to IP Instance files '../../../../coe.coe'
INFO: [IP_Flow 19-3484] Absolute path of file 'c:/Users/expecto/Desktop/COD_Lab/Lab2/coe.coe' provided. It will be converted relative to IP Instance files '../../../../coe.coe'
INFO: [IP_Flow 19-3484] Absolute path of file 'c:/Users/expecto/Desktop/COD_Lab/Lab2/coe.coe' provided. It will be converted relative to IP Instance files '../../../../coe.coe'
create_ip -name blk_mem_gen -vendor xilinx.com -library ip -version 8.4 -module_name blk_mem_gen_1 -dir c:/Users/expecto/Desktop/COD_Lab/Lab2/Lab2.srcs/sources_1/ip
set_property -dict [list CONFIG.Write_Width_A {8} CONFIG.Write_Depth_A {16} CONFIG.Read_Width_A {8} CONFIG.Enable_A {Always_Enabled} CONFIG.Write_Width_B {8} CONFIG.Read_Width_B {8} CONFIG.Register_PortA_Output_of_Memory_Primitives {false} CONFIG.Load_Init_File {true} CONFIG.Coe_File {C:/Users/expecto/Desktop/COD_Lab/Lab2/coe.coe}] [get_ips blk_mem_gen_1]
INFO: [IP_Flow 19-3484] Absolute path of file 'c:/Users/expecto/Desktop/COD_Lab/Lab2/coe.coe' provided. It will be converted relative to IP Instance files '../../../../coe.coe'
generate_target {instantiation_template} [get_files c:/Users/expecto/Desktop/COD_Lab/Lab2/Lab2.srcs/sources_1/ip/blk_mem_gen_1/blk_mem_gen_1.xci]
INFO: [IP_Flow 19-1686] Generating 'Instantiation Template' target for IP 'blk_mem_gen_1'...
update_compile_order -fileset sources_1
generate_target all [get_files  c:/Users/expecto/Desktop/COD_Lab/Lab2/Lab2.srcs/sources_1/ip/blk_mem_gen_1/blk_mem_gen_1.xci]
INFO: [IP_Flow 19-1686] Generating 'Synthesis' target for IP 'blk_mem_gen_1'...
INFO: [IP_Flow 19-1686] Generating 'Simulation' target for IP 'blk_mem_gen_1'...
INFO: [IP_Flow 19-1686] Generating 'Miscellaneous' target for IP 'blk_mem_gen_1'...
INFO: [IP_Flow 19-1686] Generating 'Change Log' target for IP 'blk_mem_gen_1'...
catch { config_ip_cache -export [get_ips -all blk_mem_gen_1] }
export_ip_user_files -of_objects [get_files c:/Users/expecto/Desktop/COD_Lab/Lab2/Lab2.srcs/sources_1/ip/blk_mem_gen_1/blk_mem_gen_1.xci] -no_script -sync -force -quiet
create_ip_run [get_files -of_objects [get_fileset sources_1] c:/Users/expecto/Desktop/COD_Lab/Lab2/Lab2.srcs/sources_1/ip/blk_mem_gen_1/blk_mem_gen_1.xci]
launch_runs -jobs 12 blk_mem_gen_1_synth_1
[Tue Apr 11 15:32:30 2023] Launched blk_mem_gen_1_synth_1...
Run output will be captured here: C:/Users/expecto/Desktop/COD_Lab/Lab2/Lab2.runs/blk_mem_gen_1_synth_1/runme.log
export_simulation -of_objects [get_files c:/Users/expecto/Desktop/COD_Lab/Lab2/Lab2.srcs/sources_1/ip/blk_mem_gen_1/blk_mem_gen_1.xci] -directory C:/Users/expecto/Desktop/COD_Lab/Lab2/Lab2.ip_user_files/sim_scripts -ip_user_files_dir C:/Users/expecto/Desktop/COD_Lab/Lab2/Lab2.ip_user_files -ipstatic_source_dir C:/Users/expecto/Desktop/COD_Lab/Lab2/Lab2.ip_user_files/ipstatic -lib_map_path [list {modelsim=C:/Users/expecto/Desktop/COD_Lab/Lab2/Lab2.cache/compile_simlib/modelsim} {questa=C:/Users/expecto/Desktop/COD_Lab/Lab2/Lab2.cache/compile_simlib/questa} {riviera=C:/Users/expecto/Desktop/COD_Lab/Lab2/Lab2.cache/compile_simlib/riviera} {activehdl=C:/Users/expecto/Desktop/COD_Lab/Lab2/Lab2.cache/compile_simlib/activehdl}] -use_ip_compiled_libs -force -quiet
WARNING: [IP_Flow 19-4067] Ignoring invalid widget type specified checkbox.Providing a default widget
WARNING: [IP_Flow 19-4067] Ignoring invalid widget type specified checkbox.Providing a default widget
WARNING: [IP_Flow 19-4067] Ignoring invalid widget type specified checkbox.Providing a default widget
WARNING: [IP_Flow 19-4067] Ignoring invalid widget type specified checkbox.Providing a default widget
WARNING: [IP_Flow 19-4067] Ignoring invalid widget type specified checkbox.Providing a default widget
WARNING: [IP_Flow 19-4067] Ignoring invalid widget type specified checkbox.Providing a default widget
WARNING: [IP_Flow 19-4067] Ignoring invalid widget type specified checkbox.Providing a default widget
WARNING: [IP_Flow 19-4067] Ignoring invalid widget type specified checkbox.Providing a default widget
export_ip_user_files -of_objects  [get_files c:/Users/expecto/Desktop/COD_Lab/Lab2/Lab2.srcs/sources_1/ip/blk_mem_gen_1/blk_mem_gen_1.xci] -no_script -reset -force -quiet
remove_files  -fileset blk_mem_gen_1 c:/Users/expecto/Desktop/COD_Lab/Lab2/Lab2.srcs/sources_1/ip/blk_mem_gen_1/blk_mem_gen_1.xci
INFO: [Project 1-386] Moving file 'c:/Users/expecto/Desktop/COD_Lab/Lab2/Lab2.srcs/sources_1/ip/blk_mem_gen_1/blk_mem_gen_1.xci' from fileset 'blk_mem_gen_1' to fileset 'sources_1'.
remove_files  c:/Users/expecto/Desktop/COD_Lab/Lab2/Lab2.srcs/sources_1/ip/blk_mem_gen_1/blk_mem_gen_1.xci
WARNING: [Vivado 12-818] No files matched 'c:/Users/expecto/Desktop/COD_Lab/Lab2/Lab2.srcs/sources_1/ip/blk_mem_gen_1/blk_mem_gen_1.xci'
file delete -force c:/Users/expecto/Desktop/COD_Lab/Lab2/Lab2.srcs/sources_1/ip/blk_mem_gen_1/blk_mem_gen_1.xci
WARNING: [IP_Flow 19-4067] Ignoring invalid widget type specified checkbox.Providing a default widget
WARNING: [IP_Flow 19-4067] Ignoring invalid widget type specified checkbox.Providing a default widget
INFO: [IP_Flow 19-3484] Absolute path of file 'c:/Users/expecto/Desktop/COD_Lab/Lab2/coe.coe' provided. It will be converted relative to IP Instance files '../../../../coe.coe'
create_ip -name blk_mem_gen -vendor xilinx.com -library ip -version 8.4 -module_name blk_mem_gen_1 -dir c:/Users/expecto/Desktop/COD_Lab/Lab2/Lab2.srcs/sources_1/ip
set_property -dict [list CONFIG.Write_Width_A {8} CONFIG.Read_Width_A {8} CONFIG.Operating_Mode_A {READ_FIRST} CONFIG.Write_Width_B {8} CONFIG.Read_Width_B {8} CONFIG.Load_Init_File {true} CONFIG.Coe_File {C:/Users/expecto/Desktop/COD_Lab/Lab2/coe.coe}] [get_ips blk_mem_gen_1]
INFO: [IP_Flow 19-3484] Absolute path of file 'c:/Users/expecto/Desktop/COD_Lab/Lab2/coe.coe' provided. It will be converted relative to IP Instance files '../../../../coe.coe'
generate_target {instantiation_template} [get_files c:/Users/expecto/Desktop/COD_Lab/Lab2/Lab2.srcs/sources_1/ip/blk_mem_gen_1_1/blk_mem_gen_1.xci]
INFO: [IP_Flow 19-1686] Generating 'Instantiation Template' target for IP 'blk_mem_gen_1'...
generate_target all [get_files  c:/Users/expecto/Desktop/COD_Lab/Lab2/Lab2.srcs/sources_1/ip/blk_mem_gen_1_1/blk_mem_gen_1.xci]
INFO: [IP_Flow 19-1686] Generating 'Synthesis' target for IP 'blk_mem_gen_1'...
INFO: [IP_Flow 19-1686] Generating 'Simulation' target for IP 'blk_mem_gen_1'...
INFO: [IP_Flow 19-1686] Generating 'Miscellaneous' target for IP 'blk_mem_gen_1'...
INFO: [IP_Flow 19-1686] Generating 'Change Log' target for IP 'blk_mem_gen_1'...
catch { config_ip_cache -export [get_ips -all blk_mem_gen_1] }
export_ip_user_files -of_objects [get_files c:/Users/expecto/Desktop/COD_Lab/Lab2/Lab2.srcs/sources_1/ip/blk_mem_gen_1_1/blk_mem_gen_1.xci] -no_script -sync -force -quiet
create_ip_run [get_files -of_objects [get_fileset sources_1] c:/Users/expecto/Desktop/COD_Lab/Lab2/Lab2.srcs/sources_1/ip/blk_mem_gen_1_1/blk_mem_gen_1.xci]
launch_runs -jobs 12 blk_mem_gen_1_synth_1
[Tue Apr 11 15:34:34 2023] Launched blk_mem_gen_1_synth_1...
Run output will be captured here: C:/Users/expecto/Desktop/COD_Lab/Lab2/Lab2.runs/blk_mem_gen_1_synth_1/runme.log
export_simulation -of_objects [get_files c:/Users/expecto/Desktop/COD_Lab/Lab2/Lab2.srcs/sources_1/ip/blk_mem_gen_1_1/blk_mem_gen_1.xci] -directory C:/Users/expecto/Desktop/COD_Lab/Lab2/Lab2.ip_user_files/sim_scripts -ip_user_files_dir C:/Users/expecto/Desktop/COD_Lab/Lab2/Lab2.ip_user_files -ipstatic_source_dir C:/Users/expecto/Desktop/COD_Lab/Lab2/Lab2.ip_user_files/ipstatic -lib_map_path [list {modelsim=C:/Users/expecto/Desktop/COD_Lab/Lab2/Lab2.cache/compile_simlib/modelsim} {questa=C:/Users/expecto/Desktop/COD_Lab/Lab2/Lab2.cache/compile_simlib/questa} {riviera=C:/Users/expecto/Desktop/COD_Lab/Lab2/Lab2.cache/compile_simlib/riviera} {activehdl=C:/Users/expecto/Desktop/COD_Lab/Lab2/Lab2.cache/compile_simlib/activehdl}] -use_ip_compiled_libs -force -quiet
WARNING: [IP_Flow 19-4067] Ignoring invalid widget type specified checkbox.Providing a default widget
WARNING: [IP_Flow 19-4067] Ignoring invalid widget type specified checkbox.Providing a default widget
generate_target all [get_files  C:/Users/expecto/Desktop/COD_Lab/Lab2/Lab2.srcs/sources_1/ip/blk_mem_gen_0/blk_mem_gen_0.xci]
INFO: [IP_Flow 19-1686] Generating 'Instantiation Template' target for IP 'blk_mem_gen_0'...
INFO: [IP_Flow 19-1686] Generating 'Synthesis' target for IP 'blk_mem_gen_0'...
INFO: [IP_Flow 19-1686] Generating 'Simulation' target for IP 'blk_mem_gen_0'...
INFO: [IP_Flow 19-1686] Generating 'Miscellaneous' target for IP 'blk_mem_gen_0'...
INFO: [IP_Flow 19-1686] Generating 'Change Log' target for IP 'blk_mem_gen_0'...
catch { config_ip_cache -export [get_ips -all blk_mem_gen_0] }
INFO: [IP_Flow 19-4993] Using cached IP synthesis design for IP blk_mem_gen_0, cache-ID = b1e20c07f21128ce; cache size = 0.466 MB.
catch { [ delete_ip_run [get_ips -all blk_mem_gen_0] ] }
WARNING: [Vivado 12-1017] Problems encountered:
1. Failed to delete one or more files in run directory C:/Users/expecto/Desktop/COD_Lab/Lab2/Lab2.runs/blk_mem_gen_0_synth_1

INFO: [Project 1-386] Moving file 'C:/Users/expecto/Desktop/COD_Lab/Lab2/Lab2.srcs/sources_1/ip/blk_mem_gen_0/blk_mem_gen_0.xci' from fileset 'blk_mem_gen_0' to fileset 'sources_1'.
export_ip_user_files -of_objects [get_files C:/Users/expecto/Desktop/COD_Lab/Lab2/Lab2.srcs/sources_1/ip/blk_mem_gen_0/blk_mem_gen_0.xci] -no_script -sync -force -quiet
create_ip_run [get_files -of_objects [get_fileset sources_1] C:/Users/expecto/Desktop/COD_Lab/Lab2/Lab2.srcs/sources_1/ip/blk_mem_gen_0/blk_mem_gen_0.xci]
INFO: [Vivado 12-3453] The given sub-design is up-to-date, no action was taken.  If a run is still desired, use the '-force' option for the file:'C:/Users/expecto/Desktop/COD_Lab/Lab2/Lab2.srcs/sources_1/ip/blk_mem_gen_0/blk_mem_gen_0.xci'
export_simulation -of_objects [get_files C:/Users/expecto/Desktop/COD_Lab/Lab2/Lab2.srcs/sources_1/ip/blk_mem_gen_0/blk_mem_gen_0.xci] -directory C:/Users/expecto/Desktop/COD_Lab/Lab2/Lab2.ip_user_files/sim_scripts -ip_user_files_dir C:/Users/expecto/Desktop/COD_Lab/Lab2/Lab2.ip_user_files -ipstatic_source_dir C:/Users/expecto/Desktop/COD_Lab/Lab2/Lab2.ip_user_files/ipstatic -lib_map_path [list {modelsim=C:/Users/expecto/Desktop/COD_Lab/Lab2/Lab2.cache/compile_simlib/modelsim} {questa=C:/Users/expecto/Desktop/COD_Lab/Lab2/Lab2.cache/compile_simlib/questa} {riviera=C:/Users/expecto/Desktop/COD_Lab/Lab2/Lab2.cache/compile_simlib/riviera} {activehdl=C:/Users/expecto/Desktop/COD_Lab/Lab2/Lab2.cache/compile_simlib/activehdl}] -use_ip_compiled_libs -force -quiet
WARNING: [IP_Flow 19-4067] Ignoring invalid widget type specified checkbox.Providing a default widget
WARNING: [IP_Flow 19-4067] Ignoring invalid widget type specified checkbox.Providing a default widget
INFO: [IP_Flow 19-3484] Absolute path of file 'c:/Users/expecto/Desktop/COD_Lab/Lab2/coe.coe' provided. It will be converted relative to IP Instance files '../../../../coe.coe'
set_property -dict [list CONFIG.Coe_File {c:/Users/expecto/Desktop/COD_Lab/Lab2/coe.coe}] [get_ips blk_mem_gen_0]
INFO: [IP_Flow 19-3484] Absolute path of file 'c:/Users/expecto/Desktop/COD_Lab/Lab2/coe.coe' provided. It will be converted relative to IP Instance files '../../../../coe.coe'
WARNING: [IP_Flow 19-4067] Ignoring invalid widget type specified checkbox.Providing a default widget
WARNING: [IP_Flow 19-4067] Ignoring invalid widget type specified checkbox.Providing a default widget
INFO: [IP_Flow 19-3484] Absolute path of file 'c:/Users/expecto/Desktop/COD_Lab/Lab2/coe.coe' provided. It will be converted relative to IP Instance files '../../../../coe.coe'
create_ip -name blk_mem_gen -vendor xilinx.com -library ip -version 8.4 -module_name blk_default -dir c:/Users/expecto/Desktop/COD_Lab/Lab2/Lab2.srcs/sources_1/ip
set_property -dict [list CONFIG.Component_Name {blk_default} CONFIG.Write_Width_A {8} CONFIG.Read_Width_A {8} CONFIG.Operating_Mode_A {NO_CHANGE} CONFIG.Enable_A {Always_Enabled} CONFIG.Write_Width_B {8} CONFIG.Read_Width_B {8} CONFIG.Load_Init_File {true} CONFIG.Coe_File {C:/Users/expecto/Desktop/COD_Lab/Lab2/coe.coe}] [get_ips blk_default]
WARNING: [Vivado 12-3523] Attempt to change 'Component_Name' from 'blk_default' to 'blk_default' is not allowed and is ignored.
INFO: [IP_Flow 19-3484] Absolute path of file 'c:/Users/expecto/Desktop/COD_Lab/Lab2/coe.coe' provided. It will be converted relative to IP Instance files '../../../../coe.coe'
generate_target {instantiation_template} [get_files c:/Users/expecto/Desktop/COD_Lab/Lab2/Lab2.srcs/sources_1/ip/blk_default/blk_default.xci]
INFO: [IP_Flow 19-1686] Generating 'Instantiation Template' target for IP 'blk_default'...
update_compile_order -fileset sources_1
generate_target all [get_files  c:/Users/expecto/Desktop/COD_Lab/Lab2/Lab2.srcs/sources_1/ip/blk_default/blk_default.xci]
INFO: [IP_Flow 19-1686] Generating 'Synthesis' target for IP 'blk_default'...
INFO: [IP_Flow 19-1686] Generating 'Simulation' target for IP 'blk_default'...
INFO: [IP_Flow 19-1686] Generating 'Miscellaneous' target for IP 'blk_default'...
INFO: [IP_Flow 19-1686] Generating 'Change Log' target for IP 'blk_default'...
catch { config_ip_cache -export [get_ips -all blk_default] }
export_ip_user_files -of_objects [get_files c:/Users/expecto/Desktop/COD_Lab/Lab2/Lab2.srcs/sources_1/ip/blk_default/blk_default.xci] -no_script -sync -force -quiet
create_ip_run [get_files -of_objects [get_fileset sources_1] c:/Users/expecto/Desktop/COD_Lab/Lab2/Lab2.srcs/sources_1/ip/blk_default/blk_default.xci]
launch_runs -jobs 12 blk_default_synth_1
[Tue Apr 11 15:37:12 2023] Launched blk_default_synth_1...
Run output will be captured here: C:/Users/expecto/Desktop/COD_Lab/Lab2/Lab2.runs/blk_default_synth_1/runme.log
export_simulation -of_objects [get_files c:/Users/expecto/Desktop/COD_Lab/Lab2/Lab2.srcs/sources_1/ip/blk_default/blk_default.xci] -directory C:/Users/expecto/Desktop/COD_Lab/Lab2/Lab2.ip_user_files/sim_scripts -ip_user_files_dir C:/Users/expecto/Desktop/COD_Lab/Lab2/Lab2.ip_user_files -ipstatic_source_dir C:/Users/expecto/Desktop/COD_Lab/Lab2/Lab2.ip_user_files/ipstatic -lib_map_path [list {modelsim=C:/Users/expecto/Desktop/COD_Lab/Lab2/Lab2.cache/compile_simlib/modelsim} {questa=C:/Users/expecto/Desktop/COD_Lab/Lab2/Lab2.cache/compile_simlib/questa} {riviera=C:/Users/expecto/Desktop/COD_Lab/Lab2/Lab2.cache/compile_simlib/riviera} {activehdl=C:/Users/expecto/Desktop/COD_Lab/Lab2/Lab2.cache/compile_simlib/activehdl}] -use_ip_compiled_libs -force -quiet
WARNING: [IP_Flow 19-4067] Ignoring invalid widget type specified checkbox.Providing a default widget
WARNING: [IP_Flow 19-4067] Ignoring invalid widget type specified checkbox.Providing a default widget
INFO: [IP_Flow 19-3484] Absolute path of file 'c:/Users/expecto/Desktop/COD_Lab/Lab2/coe.coe' provided. It will be converted relative to IP Instance files '../../../../coe.coe'
WARNING: [IP_Flow 19-4067] Ignoring invalid widget type specified checkbox.Providing a default widget
WARNING: [IP_Flow 19-4067] Ignoring invalid widget type specified checkbox.Providing a default widget
export_ip_user_files -of_objects  [get_files c:/Users/expecto/Desktop/COD_Lab/Lab2/Lab2.srcs/sources_1/ip/blk_mem_gen_1_1/blk_mem_gen_1.xci] -no_script -reset -force -quiet
remove_files  -fileset blk_mem_gen_1 c:/Users/expecto/Desktop/COD_Lab/Lab2/Lab2.srcs/sources_1/ip/blk_mem_gen_1_1/blk_mem_gen_1.xci
INFO: [Project 1-386] Moving file 'c:/Users/expecto/Desktop/COD_Lab/Lab2/Lab2.srcs/sources_1/ip/blk_mem_gen_1_1/blk_mem_gen_1.xci' from fileset 'blk_mem_gen_1' to fileset 'sources_1'.
file delete -force c:/Users/expecto/Desktop/COD_Lab/Lab2/Lab2.srcs/sources_1/ip/blk_mem_gen_1_1
WARNING: [IP_Flow 19-4067] Ignoring invalid widget type specified checkbox.Providing a default widget
WARNING: [IP_Flow 19-4067] Ignoring invalid widget type specified checkbox.Providing a default widget
INFO: [IP_Flow 19-3484] Absolute path of file 'c:/Users/expecto/Desktop/COD_Lab/Lab2/coe.coe' provided. It will be converted relative to IP Instance files '../../../../coe.coe'
create_ip -name blk_mem_gen -vendor xilinx.com -library ip -version 8.4 -module_name blk_write_first -dir c:/Users/expecto/Desktop/COD_Lab/Lab2/Lab2.srcs/sources_1/ip
set_property -dict [list CONFIG.Component_Name {blk_write_first} CONFIG.Write_Width_A {8} CONFIG.Read_Width_A {8} CONFIG.Enable_A {Always_Enabled} CONFIG.Write_Width_B {8} CONFIG.Read_Width_B {8} CONFIG.Register_PortA_Output_of_Memory_Primitives {false} CONFIG.Load_Init_File {true} CONFIG.Coe_File {C:/Users/expecto/Desktop/COD_Lab/Lab2/coe.coe}] [get_ips blk_write_first]
WARNING: [Vivado 12-3523] Attempt to change 'Component_Name' from 'blk_write_first' to 'blk_write_first' is not allowed and is ignored.
INFO: [IP_Flow 19-3484] Absolute path of file 'c:/Users/expecto/Desktop/COD_Lab/Lab2/coe.coe' provided. It will be converted relative to IP Instance files '../../../../coe.coe'
generate_target {instantiation_template} [get_files c:/Users/expecto/Desktop/COD_Lab/Lab2/Lab2.srcs/sources_1/ip/blk_write_first/blk_write_first.xci]
INFO: [IP_Flow 19-1686] Generating 'Instantiation Template' target for IP 'blk_write_first'...
generate_target all [get_files  c:/Users/expecto/Desktop/COD_Lab/Lab2/Lab2.srcs/sources_1/ip/blk_write_first/blk_write_first.xci]
INFO: [IP_Flow 19-1686] Generating 'Synthesis' target for IP 'blk_write_first'...
INFO: [IP_Flow 19-1686] Generating 'Simulation' target for IP 'blk_write_first'...
INFO: [IP_Flow 19-1686] Generating 'Miscellaneous' target for IP 'blk_write_first'...
INFO: [IP_Flow 19-1686] Generating 'Change Log' target for IP 'blk_write_first'...
catch { config_ip_cache -export [get_ips -all blk_write_first] }
export_ip_user_files -of_objects [get_files c:/Users/expecto/Desktop/COD_Lab/Lab2/Lab2.srcs/sources_1/ip/blk_write_first/blk_write_first.xci] -no_script -sync -force -quiet
create_ip_run [get_files -of_objects [get_fileset sources_1] c:/Users/expecto/Desktop/COD_Lab/Lab2/Lab2.srcs/sources_1/ip/blk_write_first/blk_write_first.xci]
launch_runs -jobs 12 blk_write_first_synth_1
[Tue Apr 11 15:39:06 2023] Launched blk_write_first_synth_1...
Run output will be captured here: C:/Users/expecto/Desktop/COD_Lab/Lab2/Lab2.runs/blk_write_first_synth_1/runme.log
export_simulation -of_objects [get_files c:/Users/expecto/Desktop/COD_Lab/Lab2/Lab2.srcs/sources_1/ip/blk_write_first/blk_write_first.xci] -directory C:/Users/expecto/Desktop/COD_Lab/Lab2/Lab2.ip_user_files/sim_scripts -ip_user_files_dir C:/Users/expecto/Desktop/COD_Lab/Lab2/Lab2.ip_user_files -ipstatic_source_dir C:/Users/expecto/Desktop/COD_Lab/Lab2/Lab2.ip_user_files/ipstatic -lib_map_path [list {modelsim=C:/Users/expecto/Desktop/COD_Lab/Lab2/Lab2.cache/compile_simlib/modelsim} {questa=C:/Users/expecto/Desktop/COD_Lab/Lab2/Lab2.cache/compile_simlib/questa} {riviera=C:/Users/expecto/Desktop/COD_Lab/Lab2/Lab2.cache/compile_simlib/riviera} {activehdl=C:/Users/expecto/Desktop/COD_Lab/Lab2/Lab2.cache/compile_simlib/activehdl}] -use_ip_compiled_libs -force -quiet
WARNING: [IP_Flow 19-4067] Ignoring invalid widget type specified checkbox.Providing a default widget
WARNING: [IP_Flow 19-4067] Ignoring invalid widget type specified checkbox.Providing a default widget
INFO: [IP_Flow 19-3484] Absolute path of file 'c:/Users/expecto/Desktop/COD_Lab/Lab2/coe.coe' provided. It will be converted relative to IP Instance files '../../../../coe.coe'
create_ip -name blk_mem_gen -vendor xilinx.com -library ip -version 8.4 -module_name blk_read_first -dir c:/Users/expecto/Desktop/COD_Lab/Lab2/Lab2.srcs/sources_1/ip
set_property -dict [list CONFIG.Component_Name {blk_read_first} CONFIG.Write_Width_A {8} CONFIG.Read_Width_A {8} CONFIG.Enable_A {Always_Enabled} CONFIG.Write_Width_B {8} CONFIG.Read_Width_B {8} CONFIG.Register_PortA_Output_of_Memory_Primitives {false} CONFIG.Load_Init_File {true} CONFIG.Coe_File {C:/Users/expecto/Desktop/COD_Lab/Lab2/coe.coe}] [get_ips blk_read_first]
WARNING: [Vivado 12-3523] Attempt to change 'Component_Name' from 'blk_read_first' to 'blk_read_first' is not allowed and is ignored.
INFO: [IP_Flow 19-3484] Absolute path of file 'c:/Users/expecto/Desktop/COD_Lab/Lab2/coe.coe' provided. It will be converted relative to IP Instance files '../../../../coe.coe'
generate_target {instantiation_template} [get_files c:/Users/expecto/Desktop/COD_Lab/Lab2/Lab2.srcs/sources_1/ip/blk_read_first/blk_read_first.xci]
INFO: [IP_Flow 19-1686] Generating 'Instantiation Template' target for IP 'blk_read_first'...
generate_target all [get_files  c:/Users/expecto/Desktop/COD_Lab/Lab2/Lab2.srcs/sources_1/ip/blk_read_first/blk_read_first.xci]
INFO: [IP_Flow 19-1686] Generating 'Synthesis' target for IP 'blk_read_first'...
INFO: [IP_Flow 19-1686] Generating 'Simulation' target for IP 'blk_read_first'...
INFO: [IP_Flow 19-1686] Generating 'Miscellaneous' target for IP 'blk_read_first'...
INFO: [IP_Flow 19-1686] Generating 'Change Log' target for IP 'blk_read_first'...
catch { config_ip_cache -export [get_ips -all blk_read_first] }
export_ip_user_files -of_objects [get_files c:/Users/expecto/Desktop/COD_Lab/Lab2/Lab2.srcs/sources_1/ip/blk_read_first/blk_read_first.xci] -no_script -sync -force -quiet
create_ip_run [get_files -of_objects [get_fileset sources_1] c:/Users/expecto/Desktop/COD_Lab/Lab2/Lab2.srcs/sources_1/ip/blk_read_first/blk_read_first.xci]
launch_runs -jobs 12 blk_read_first_synth_1
[Tue Apr 11 15:39:36 2023] Launched blk_read_first_synth_1...
Run output will be captured here: C:/Users/expecto/Desktop/COD_Lab/Lab2/Lab2.runs/blk_read_first_synth_1/runme.log
export_simulation -of_objects [get_files c:/Users/expecto/Desktop/COD_Lab/Lab2/Lab2.srcs/sources_1/ip/blk_read_first/blk_read_first.xci] -directory C:/Users/expecto/Desktop/COD_Lab/Lab2/Lab2.ip_user_files/sim_scripts -ip_user_files_dir C:/Users/expecto/Desktop/COD_Lab/Lab2/Lab2.ip_user_files -ipstatic_source_dir C:/Users/expecto/Desktop/COD_Lab/Lab2/Lab2.ip_user_files/ipstatic -lib_map_path [list {modelsim=C:/Users/expecto/Desktop/COD_Lab/Lab2/Lab2.cache/compile_simlib/modelsim} {questa=C:/Users/expecto/Desktop/COD_Lab/Lab2/Lab2.cache/compile_simlib/questa} {riviera=C:/Users/expecto/Desktop/COD_Lab/Lab2/Lab2.cache/compile_simlib/riviera} {activehdl=C:/Users/expecto/Desktop/COD_Lab/Lab2/Lab2.cache/compile_simlib/activehdl}] -use_ip_compiled_libs -force -quiet
set_property SOURCE_SET sources_1 [get_filesets sim_1]
close [ open C:/Users/expecto/Desktop/COD_Lab/Lab2/Lab2.srcs/sim_1/new/compare_different_mode.v w ]
add_files -fileset sim_1 C:/Users/expecto/Desktop/COD_Lab/Lab2/Lab2.srcs/sim_1/new/compare_different_mode.v
update_compile_order -fileset sim_1
exit
INFO: [Common 17-206] Exiting Vivado at Tue Apr 11 19:46:14 2023...
