#
# A fatal error has been detected by the Java Runtime Environment:
#
#  EXCEPTION_ACCESS_VIOLATION (0xc0000005) at pc=0x00007ff9c80b3370, pid=12120, tid=11128
#
# JRE version: Java(TM) SE Runtime Environment (9.0+11) (build 9.0.4+11)
# Java VM: Java HotSpot(TM) 64-Bit Server VM (9.0.4+11, mixed mode, tiered, compressed oops, g1 gc, windows-amd64)
# Problematic frame:
# C  [librdi_wavedata.dll+0x453370]
#
# No core dump will be written. Minidumps are not enabled by default on client versions of Windows
#
# If you would like to submit a bug report, please visit:
#   http://bugreport.java.com/bugreport/crash.jsp
# The crash happened outside the Java Virtual Machine in native code.
# See problematic frame for where to report the bug.
#

---------------  S U M M A R Y ------------

Command Line: -Dsun.java2d.pmoffscreen=false -Dsun.java2d.xrender=false -Dsun.java2d.d3d=false -Dsun.awt.nopixfmt=true -Dsun.java2d.dpiaware=true -Dsun.java2d.uiScale.enabled=false -Xverify:none -Dswing.aatext=true -XX:-UsePerfData -Djdk.map.althashing.threshold=512 -XX:StringTableSize=4072 --add-opens=java.base/java.nio=ALL-UNNAMED --add-opens=java.desktop/sun.swing=ALL-UNNAMED --add-opens=java.desktop/javax.swing=ALL-UNNAMED --add-opens=java.desktop/javax.swing.tree=ALL-UNNAMED --add-opens=java.desktop/javax.swing.plaf.basic=ALL-UNNAMED --add-opens=java.desktop/javax.swing.plaf.synth=ALL-UNNAMED --add-opens=java.desktop/com.sun.awt=ALL-UNNAMED -XX:NewSize=60m -XX:MaxNewSize=60m -Xms128m -Xmx3072m -Xss5m 

Host: Intel(R) Core(TM) i5-10600KF CPU @ 4.10GHz, 12 cores, 15G,  Windows 10 , 64 bit Build 22621 (10.0.22621.1485)
Time: Wed Apr 12 19:36:13 2023 ?D1¨²¡À¨º¡Á?¨º¡À?? elapsed time: 1323 seconds (0d 0h 22m 3s)

---------------  T H R E A D  ---------------

Current thread (0x00000179d57fe800):  JavaThread "AWT-EventQueue-1" [_thread_in_native, id=11128, stack(0x0000005af5e00000,0x0000005af6300000)]

Stack: [0x0000005af5e00000,0x0000005af6300000],  sp=0x0000005af62f3808,  free space=5070k
Native frames: (J=compiled Java code, j=interpreted, Vv=VM code, C=native code)
C  [librdi_wavedata.dll+0x453370]

Java frames: (J=compiled Java code, j=interpreted, Vv=VM code)
j  ui.views.waveform.waveformi.WVExecutive_getGraphicsDataSize(J)J+0
j  ui.views.waveform.executive.a.gEt()Ljava/io/ByteArrayInputStream;+8
j  ui.views.waveform.b.a.gEf()V+7
j  ui.views.waveform.b.a.fOl()V+1
j  ui.views.waveform.m.gDo()V+4
j  ui.views.waveform.m.cRi()V+11
j  ui.views.waveform.w.cRi()V+29
J 22536 c1 ui.views.waveform.c.b.j(Lui/frmwork/b/i;)V (603 bytes) @ 0x00000179e5ddc6cc [0x00000179e5dd3020+0x00000000000096ac]
J 22535 c1 ui.views.waveform.w.a(Lui/frmwork/b/i;)V (17 bytes) @ 0x00000179e545ef14 [0x00000179e545ee40+0x00000000000000d4]
J 17269 c1 ui.frmwork.b.l.d(Lui/frmwork/b/i;)V (61 bytes) @ 0x00000179e5b2661c [0x00000179e5b25dc0+0x000000000000085c]
J 16497 c1 ui.frmwork.HTclEventBroker.i(JZ)V (471 bytes) @ 0x00000179e5360f2c [0x00000179e535c740+0x00000000000047ec]
J 16918 c1 ui.frmwork.HTclEventBroker.fireTclEvent(J)I (113 bytes) @ 0x00000179e55ca4cc [0x00000179e55c9cc0+0x000000000000080c]
v  ~StubRoutines::call_stub
j  ui.views.waveform.waveformi.WVExecutive_processModelEvent(JJ)V+0
j  ui.views.waveform.executive.a.eE(J)V+5
j  ui.views.waveform.c.b.eD(J)V+8
J 22536 c1 ui.views.waveform.c.b.j(Lui/frmwork/b/i;)V (603 bytes) @ 0x00000179e5ddd404 [0x00000179e5dd3020+0x000000000000a3e4]
J 22535 c1 ui.views.waveform.w.a(Lui/frmwork/b/i;)V (17 bytes) @ 0x00000179e545ef14 [0x00000179e545ee40+0x00000000000000d4]
J 17269 c1 ui.frmwork.b.l.d(Lui/frmwork/b/i;)V (61 bytes) @ 0x00000179e5b2661c [0x00000179e5b25dc0+0x000000000000085c]
J 16497 c1 ui.frmwork.HTclEventBroker.i(JZ)V (471 bytes) @ 0x00000179e5360f2c [0x00000179e535c740+0x00000000000047ec]
J 16918 c1 ui.frmwork.HTclEventBroker.fireTclEvent(J)I (113 bytes) @ 0x00000179e55ca4cc [0x00000179e55c9cc0+0x000000000000080c]
v  ~StubRoutines::call_stub
j  ui.views.waveform.waveformi.WVExecutive_processModelEvent(JJ)V+0
j  ui.views.waveform.executive.a.eE(J)V+5
j  ui.views.waveform.c.b.eD(J)V+8
j  ui.views.waveform.c.e.actionPerformed(Ljava/awt/event/ActionEvent;)V+8
J 20229 c2 javax.swing.Timer.fireActionPerformed(Ljava/awt/event/ActionEvent;)V java.desktop@9.0.4 (46 bytes) @ 0x00000179ebbf4358 [0x00000179ebbf4240+0x0000000000000118]
J 20191 c2 javax.swing.Timer$DoPostEvent.run()V java.desktop@9.0.4 (82 bytes) @ 0x00000179ebb149ec [0x00000179ebb146e0+0x000000000000030c]
J 13132 c2 java.awt.EventQueue$3.run()Ljava/lang/Object; java.desktop@9.0.4 (5 bytes) @ 0x00000179eb2951a4 [0x00000179eb2950a0+0x0000000000000104]
v  ~StubRoutines::call_stub
J 3672  java.security.AccessController.doPrivileged(Ljava/security/PrivilegedAction;Ljava/security/AccessControlContext;)Ljava/lang/Object; java.base@9.0.4 (0 bytes) @ 0x00000179eb2692c6 [0x00000179eb269260+0x0000000000000066]
J 15662 c2 java.awt.EventQueue.dispatchEvent(Ljava/awt/AWTEvent;)V java.desktop@9.0.4 (80 bytes) @ 0x00000179ebb57598 [0x00000179ebb57040+0x0000000000000558]
J 17250 c2 ui.frmwork.b.d.dispatchEvent(Ljava/awt/AWTEvent;)V (34 bytes) @ 0x00000179ebfcda5c [0x00000179ebfcd960+0x00000000000000fc]
J 21131 c2 java.awt.EventDispatchThread.pumpOneEventForFilters(I)V java.desktop@9.0.4 (218 bytes) @ 0x00000179ec409148 [0x00000179ec408da0+0x00000000000003a8]
J 22713 c1 java.awt.EventDispatchThread.pumpEventsForFilter(ILjava/awt/Conditional;Ljava/awt/EventFilter;)V java.desktop@9.0.4 (47 bytes) @ 0x00000179e485e00c [0x00000179e485dd20+0x00000000000002ec]
j  java.awt.EventDispatchThread.pumpEventsForFilter(Ljava/awt/Conditional;Ljava/awt/EventFilter;)V+4 java.desktop@9.0.4
j  java.awt.WaitDispatchSupport$2.run()V+59 java.desktop@9.0.4
j  java.awt.WaitDispatchSupport$4.run()Ljava/lang/Void;+4 java.desktop@9.0.4
j  java.awt.WaitDispatchSupport$4.run()Ljava/lang/Object;+1 java.desktop@9.0.4
v  ~StubRoutines::call_stub
J 1045  java.security.AccessController.doPrivileged(Ljava/security/PrivilegedAction;)Ljava/lang/Object; java.base@9.0.4 (0 bytes) @ 0x00000179eb0ac432 [0x00000179eb0ac3e0+0x0000000000000052]
j  java.awt.WaitDispatchSupport.enter()Z+260 java.desktop@9.0.4
j  java.awt.Dialog.show()V+225 java.desktop@9.0.4
J 9046 c1 java.awt.Component.setVisible(Z)V java.desktop@9.0.4 (6 bytes) @ 0x00000179e42fcdcc [0x00000179e42fcbe0+0x00000000000001ec]
j  java.awt.Window.setVisible(Z)V+2 java.desktop@9.0.4
j  java.awt.Dialog.setVisible(Z)V+2 java.desktop@9.0.4
j  ui.b.c.g.setVisible(Z)V+2
j  ui.b.c.by.showDialog()V+64
j  ui.b.c.bF.actionPerformed(Ljava/awt/event/ActionEvent;)V+8
j  ui.b.c.by.cJI()V+396
j  ui.views.c.t.b.a.run()V+60
j  ui.frmwork.a.dWF()Z+66
j  ui.frmwork.V.dYl()V+42
j  ui.bk.actionPerformed(Ljava/awt/event/ActionEvent;)V+25
j  javax.swing.AbstractButton.fireActionPerformed(Ljava/awt/event/ActionEvent;)V+84 java.desktop@9.0.4
j  ui.utils.o.b.B.fireActionPerformed(Ljava/awt/event/ActionEvent;)V+7
j  javax.swing.AbstractButton$Handler.actionPerformed(Ljava/awt/event/ActionEvent;)V+5 java.desktop@9.0.4
j  javax.swing.DefaultButtonModel.fireActionPerformed(Ljava/awt/event/ActionEvent;)V+34 java.desktop@9.0.4
j  javax.swing.DefaultButtonModel.setPressed(Z)V+117 java.desktop@9.0.4
j  javax.swing.plaf.basic.BasicButtonListener.mouseReleased(Ljava/awt/event/MouseEvent;)V+35 java.desktop@9.0.4
j  com.jidesoft.plaf.basic.BasicJideButtonListener.mouseReleased(Ljava/awt/event/MouseEvent;)V+61
J 21980 c1 java.awt.AWTEventMulticaster.mouseReleased(Ljava/awt/event/MouseEvent;)V java.desktop@9.0.4 (27 bytes) @ 0x00000179e46ee00c [0x00000179e46ede00+0x000000000000020c]
J 21980 c1 java.awt.AWTEventMulticaster.mouseReleased(Ljava/awt/event/MouseEvent;)V java.desktop@9.0.4 (27 bytes) @ 0x00000179e46ee00c [0x00000179e46ede00+0x000000000000020c]
J 21980 c1 java.awt.AWTEventMulticaster.mouseReleased(Ljava/awt/event/MouseEvent;)V java.desktop@9.0.4 (27 bytes) @ 0x00000179e46ee00c [0x00000179e46ede00+0x000000000000020c]
J 21980 c1 java.awt.AWTEventMulticaster.mouseReleased(Ljava/awt/event/MouseEvent;)V java.desktop@9.0.4 (27 bytes) @ 0x00000179e46ee00c [0x00000179e46ede00+0x000000000000020c]
J 15715 c1 java.awt.Component.processMouseEvent(Ljava/awt/event/MouseEvent;)V java.desktop@9.0.4 (100 bytes) @ 0x00000179e4b136b4 [0x00000179e4b13320+0x0000000000000394]
J 15716 c1 javax.swing.JComponent.processMouseEvent(Ljava/awt/event/MouseEvent;)V java.desktop@9.0.4 (27 bytes) @ 0x00000179e4ace56c [0x00000179e4ace360+0x000000000000020c]
J 15557 c2 java.awt.Container.processEvent(Ljava/awt/AWTEvent;)V java.desktop@9.0.4 (22 bytes) @ 0x00000179eb9b9400 [0x00000179eb9b92a0+0x0000000000000160]
J 22299 c2 java.awt.Component.dispatchEventImpl(Ljava/awt/AWTEvent;)V java.desktop@9.0.4 (739 bytes) @ 0x00000179ec20d188 [0x00000179ec20c320+0x0000000000000e68]
J 16790 c2 java.awt.Container.dispatchEventImpl(Ljava/awt/AWTEvent;)V java.desktop@9.0.4 (129 bytes) @ 0x00000179ebf3ad64 [0x00000179ebf3ad00+0x0000000000000064]
J 18953 c2 java.awt.LightweightDispatcher.retargetMouseEvent(Ljava/awt/Component;ILjava/awt/event/MouseEvent;)V java.desktop@9.0.4 (350 bytes) @ 0x00000179ec1b8248 [0x00000179ec1b7ce0+0x0000000000000568]
J 16790 c2 java.awt.Container.dispatchEventImpl(Ljava/awt/AWTEvent;)V java.desktop@9.0.4 (129 bytes) @ 0x00000179ebf3b5e4 [0x00000179ebf3ad00+0x00000000000008e4]
J 20755 c2 java.awt.Window.dispatchEventImpl(Ljava/awt/AWTEvent;)V java.desktop@9.0.4 (23 bytes) @ 0x00000179ec39200c [0x00000179ec391fc0+0x000000000000004c]
J 13132 c2 java.awt.EventQueue$3.run()Ljava/lang/Object; java.desktop@9.0.4 (5 bytes) @ 0x00000179eb295254 [0x00000179eb2950a0+0x00000000000001b4]
v  ~StubRoutines::call_stub
J 3672  java.security.AccessController.doPrivileged(Ljava/security/PrivilegedAction;Ljava/security/AccessControlContext;)Ljava/lang/Object; java.base@9.0.4 (0 bytes) @ 0x00000179eb2692c6 [0x00000179eb269260+0x0000000000000066]
J 18874 c2 java.awt.EventQueue$4.run()Ljava/lang/Object; java.desktop@9.0.4 (5 bytes) @ 0x00000179ec19b6c0 [0x00000179ec19b460+0x0000000000000260]
v  ~StubRoutines::call_stub
J 3672  java.security.AccessController.doPrivileged(Ljava/security/PrivilegedAction;Ljava/security/AccessControlContext;)Ljava/lang/Object; java.base@9.0.4 (0 bytes) @ 0x00000179eb2692c6 [0x00000179eb269260+0x0000000000000066]
J 15662 c2 java.awt.EventQueue.dispatchEvent(Ljava/awt/AWTEvent;)V java.desktop@9.0.4 (80 bytes) @ 0x00000179ebb573c0 [0x00000179ebb57040+0x0000000000000380]
J 17250 c2 ui.frmwork.b.d.dispatchEvent(Ljava/awt/AWTEvent;)V (34 bytes) @ 0x00000179ebfcda5c [0x00000179ebfcd960+0x00000000000000fc]
J 21131 c2 java.awt.EventDispatchThread.pumpOneEventForFilters(I)V java.desktop@9.0.4 (218 bytes) @ 0x00000179ec409148 [0x00000179ec408da0+0x00000000000003a8]
J 22648% c1 java.awt.EventDispatchThread.pumpEventsForFilter(ILjava/awt/Conditional;Ljava/awt/EventFilter;)V java.desktop@9.0.4 (47 bytes) @ 0x00000179e41a94e4 [0x00000179e41a91a0+0x0000000000000344]
j  java.awt.EventDispatchThread.pumpEventsForHierarchy(ILjava/awt/Conditional;Ljava/awt/Component;)V+11 java.desktop@9.0.4
j  java.awt.EventDispatchThread.pumpEvents(ILjava/awt/Conditional;)V+4 java.desktop@9.0.4
j  java.awt.EventDispatchThread.pumpEvents(Ljava/awt/Conditional;)V+3 java.desktop@9.0.4
j  java.awt.EventDispatchThread.run()V+9 java.desktop@9.0.4
v  ~StubRoutines::call_stub

siginfo: EXCEPTION_ACCESS_VIOLATION (0xc0000005), data execution prevention violation at address 0x00007ff9c80b3370


Register to memory mapping:

RIP=0x00007ff9c80b3370 librdi_wavedata.dll
RAX=0x00007ff9c80585e0 librdi_wavedata.dll
RBX=0x0000005af62f3970 is pointing into the stack for thread: 0x00000179d57fe800
RCX=0x00000179a6b04740 is an unknown value
RDX=0x000001799e8cc100 is an unknown value
RSP=0x0000005af62f3808 is pointing into the stack for thread: 0x00000179d57fe800
RBP=0x0000005af62f3930 is pointing into the stack for thread: 0x00000179d57fe800
RSI=0x000001799e8cc100 is an unknown value
RDI=0x00000179a6b04740 is an unknown value
R8 =0x0000005af62f3930 is pointing into the stack for thread: 0x00000179d57fe800
R9 =0x0000005af62f3970 is pointing into the stack for thread: 0x00000179d57fe800
R10=0x000001799e8cc110 is an unknown value
R11=0xdffffff00000079f is an unknown value
R12=0x0000000000000000 is an unknown value
R13=0x0000000000000000 is an unknown value
R14=0x000001799e8cc100 is an unknown value
R15=0x0000000000000001 is an unknown value


Registers:
RAX=0x00007ff9c80585e0, RBX=0x0000005af62f3970, RCX=0x00000179a6b04740, RDX=0x000001799e8cc100
RSP=0x0000005af62f3808, RBP=0x0000005af62f3930, RSI=0x000001799e8cc100, RDI=0x00000179a6b04740
R8 =0x0000005af62f3930, R9 =0x0000005af62f3970, R10=0x000001799e8cc110, R11=0xdffffff00000079f
R12=0x0000000000000000, R13=0x0000000000000000, R14=0x000001799e8cc100, R15=0x0000000000000001
RIP=0x00007ff9c80b3370, EFLAGS=0x0000000000010206

Top of Stack: (sp=0x0000005af62f3808)
0x0000005af62f3808:   00007ff9c7d8eedc 00000179a94ba740
0x0000005af62f3818:   000000005cf05116 0000005a00000000
0x0000005af62f3828:   00000179cda093c0 0000005af62f4b00
0x0000005af62f3838:   0000005af62f3970 0000005af62f3930
0x0000005af62f3848:   000001799e8cc100 fffffffffffffffe
0x0000005af62f3858:   00000179fbf10d80 0000017995b114d8
0x0000005af62f3868:   0000000000000008 0000000000000000
0x0000005af62f3878:   0000000000000010 0000000000000000
0x0000005af62f3888:   0000000000000001 0000000000000000
0x0000005af62f3898:   0000005af62f3949 00000179cdb20000
0x0000005af62f38a8:   00007ffa5b1ec7aa 00000179cda00000
0x0000005af62f38b8:   0000000000000007 0000efb37b7bb51e
0x0000005af62f38c8:   0000005a00000000 00000007ffffffe4
0x0000005af62f38d8:   0000005af62f3a48 0000017997944a60
0x0000005af62f38e8:   0000005af62f3979 0000005af62f3a30
0x0000005af62f38f8:   00007ff9c7d85fc7 000000000000004f 

Instructions: (pc=0x00007ff9c80b3370)
0x00007ff9c80b3350:   00 00 00 00 ff ff ff ff 00 00 00 00 40 00 00 00
0x00007ff9c80b3360:   20 33 45 00 00 00 00 00 00 00 00 00 00 00 00 00
0x00007ff9c80b3370:   01 00 00 00 00 00 00 00 00 00 00 00 10 8a 58 00
0x00007ff9c80b3380:   98 33 45 00 70 33 45 00 00 00 00 00 00 00 00 00 



---------------  P R O C E S S  ---------------

Java Threads: ( => current thread )
  0x0000017997b6f800 JavaThread "Relaunch Simulation" [_thread_blocked, id=7788, stack(0x0000005af7f00000,0x0000005af8400000)]
  0x0000017997b70800 JavaThread "Monitor File Timestamp Swing Worker" [_thread_blocked, id=17352, stack(0x0000005af9800000,0x0000005af9d00000)]
  0x0000017997b69000 JavaThread "Timer-0" [_thread_blocked, id=10952, stack(0x0000005af9300000,0x0000005af9800000)]
  0x0000017997b66800 JavaThread "Thread-809" [_thread_in_native, id=4840, stack(0x0000005aee000000,0x0000005aee100000)]
  0x0000017997b6d800 JavaThread "Thread-808" [_thread_in_native, id=16464, stack(0x0000005af5200000,0x0000005af5300000)]
  0x0000017986a1c800 JavaThread "SyntheticaAnimation 50" daemon [_thread_blocked, id=21460, stack(0x0000005afa200000,0x0000005afa700000)]
  0x0000017986a18800 JavaThread "Update Runs Swing Worker" [_thread_blocked, id=6984, stack(0x0000005af9d00000,0x0000005afa200000)]
  0x0000017986a1a000 JavaThread "hw_ila_monitor" [_thread_blocked, id=21452, stack(0x0000005af8e00000,0x0000005af9300000)]
  0x0000017986a19800 JavaThread "Refresh Filesets Swing Worker" [_thread_blocked, id=5444, stack(0x0000005af8900000,0x0000005af8e00000)]
  0x00000179dc5d3800 JavaThread "SyntheticaAnimation 70" daemon [_thread_blocked, id=21192, stack(0x0000005af8400000,0x0000005af8900000)]
  0x00000179dc5d2000 JavaThread "SyntheticaAnimation 25" daemon [_thread_blocked, id=18636, stack(0x0000005af7a00000,0x0000005af7f00000)]
  0x00000179dc5d8000 JavaThread "SyntheticaAnimation 50" daemon [_thread_blocked, id=7508, stack(0x0000005af7500000,0x0000005af7a00000)]
  0x00000179dc5d7800 JavaThread "Monitor HEventQueue" [_thread_blocked, id=6396, stack(0x0000005af7000000,0x0000005af7500000)]
  0x00000179dc5d5000 JavaThread "SyntheticaCleanerThread" daemon [_thread_blocked, id=15152, stack(0x0000005af6800000,0x0000005af6d00000)]
  0x00000179dc5d9000 JavaThread "Batik CleanerThread" daemon [_thread_blocked, id=14940, stack(0x0000005af5400000,0x0000005af5900000)]
=>0x00000179d57fe800 JavaThread "AWT-EventQueue-1" [_thread_in_native, id=11128, stack(0x0000005af5e00000,0x0000005af6300000)]
  0x00000179fbee8800 JavaThread "Process Messages" [_thread_blocked, id=7944, stack(0x0000005af5900000,0x0000005af5e00000)]
  0x00000179d589d000 JavaThread "Thread-1" [_thread_in_native, id=7696, stack(0x0000005aee200000,0x0000005aef600000)]
  0x00000179d5821800 JavaThread "TimerQueue" daemon [_thread_blocked, id=14952, stack(0x0000005af4a00000,0x0000005af4f00000)]
  0x00000179d576c800 JavaThread "AWT-Windows" daemon [_thread_in_native, id=15120, stack(0x0000005af4500000,0x0000005af4a00000)]
  0x00000179d576c000 JavaThread "AWT-Shutdown" [_thread_blocked, id=19504, stack(0x0000005af4000000,0x0000005af4500000)]
  0x00000179d571c000 JavaThread "Java2D Disposer" daemon [_thread_blocked, id=12148, stack(0x0000005af3b00000,0x0000005af4000000)]
  0x00000179d4e80000 JavaThread "Service Thread" daemon [_thread_blocked, id=21056, stack(0x0000005af3500000,0x0000005af3a00000)]
  0x00000179dc5fe000 JavaThread "Common-Cleaner" daemon [_thread_blocked, id=18244, stack(0x0000005af3000000,0x0000005af3500000)]
  0x00000179dc5d3000 JavaThread "Sweeper thread" daemon [_thread_blocked, id=84, stack(0x0000005af2b00000,0x0000005af3000000)]
  0x00000179dc5d1800 JavaThread "C1 CompilerThread3" daemon [_thread_blocked, id=12952, stack(0x0000005af2a00000,0x0000005af2b00000)]
  0x00000179dc5d0000 JavaThread "C2 CompilerThread2" daemon [_thread_blocked, id=10812, stack(0x0000005af2900000,0x0000005af2a00000)]
  0x00000179dc5cf000 JavaThread "C2 CompilerThread1" daemon [_thread_blocked, id=9872, stack(0x0000005af2800000,0x0000005af2900000)]
  0x00000179dc5ce000 JavaThread "C2 CompilerThread0" daemon [_thread_blocked, id=21208, stack(0x0000005af2700000,0x0000005af2800000)]
  0x00000179dc5cd800 JavaThread "Attach Listener" daemon [_thread_blocked, id=13044, stack(0x0000005af2200000,0x0000005af2700000)]
  0x00000179dbe69800 JavaThread "Signal Dispatcher" daemon [_thread_blocked, id=20664, stack(0x0000005af1d00000,0x0000005af2200000)]
  0x00000179d7ceb800 JavaThread "Finalizer" daemon [_thread_blocked, id=2780, stack(0x0000005af1800000,0x0000005af1d00000)]
  0x00000179d7cea800 JavaThread "Reference Handler" daemon [_thread_blocked, id=21464, stack(0x0000005af1300000,0x0000005af1800000)]
  0x00000179d168a000 JavaThread "main" [_thread_blocked, id=4400, stack(0x0000005aee100000,0x0000005aee200000)]

Other Threads:
  0x00000179d7cd4800 VMThread "VM Thread" [stack: 0x0000005af1200000,0x0000005af1300000] [id=14296]
  0x00000179d500b000 WatcherThread [stack: 0x0000005af3a00000,0x0000005af3b00000] [id=6536]
  0x00000179dc4f8800 GCTaskThread "GC Thread#0" [stack: 0x0000005aef900000,0x0000005aefa00000] [id=12356]
  0x00000179dc049000 GCTaskThread "GC Thread#1" [stack: 0x0000005aefa00000,0x0000005aefb00000] [id=1956]
  0x00000179dc049800 GCTaskThread "GC Thread#2" [stack: 0x0000005aefb00000,0x0000005aefc00000] [id=13948]
  0x00000179dc04b800 GCTaskThread "GC Thread#3" [stack: 0x0000005aefc00000,0x0000005aefd00000] [id=7128]
  0x00000179dc04b000 GCTaskThread "GC Thread#4" [stack: 0x0000005aefd00000,0x0000005aefe00000] [id=1308]
  0x00000179dc04d800 GCTaskThread "GC Thread#5" [stack: 0x0000005aefe00000,0x0000005aeff00000] [id=16332]
  0x00000179dc048800 GCTaskThread "GC Thread#6" [stack: 0x0000005aeff00000,0x0000005af0000000] [id=18992]
  0x00000179dc04a000 GCTaskThread "GC Thread#7" [stack: 0x0000005af0000000,0x0000005af0100000] [id=7836]
  0x00000179dc047800 GCTaskThread "GC Thread#8" [stack: 0x0000005af0100000,0x0000005af0200000] [id=16028]
  0x00000179dc04e000 GCTaskThread "GC Thread#9" [stack: 0x0000005af0200000,0x0000005af0300000] [id=20196]
  0x00000179dbf64800 ConcurrentGCThread "G1 Main Marker" [stack: 0x0000005af0e00000,0x0000005af0f00000] [id=3948]
  0x00000179dc04c000 ConcurrentGCThread "G1 Marker#0" [stack: 0x0000005af0f00000,0x0000005af1000000] [id=1416]
  0x00000179dc04e800 ConcurrentGCThread "G1 Marker#1" [stack: 0x0000005af1000000,0x0000005af1100000] [id=20684]
  0x00000179dc04c800 ConcurrentGCThread "G1 Marker#2" [stack: 0x0000005af1100000,0x0000005af1200000] [id=5688]
  0x00000179dbf5c800 ConcurrentGCThread "G1 Refine#0" [stack: 0x0000005af0c00000,0x0000005af0d00000] [id=9396]
  0x00000179dbf5c000 ConcurrentGCThread "G1 Refine#1" [stack: 0x0000005af0b00000,0x0000005af0c00000] [id=20852]
  0x00000179dbf5b800 ConcurrentGCThread "G1 Refine#2" [stack: 0x0000005af0a00000,0x0000005af0b00000] [id=8224]
  0x00000179dc831800 ConcurrentGCThread "G1 Refine#3" [stack: 0x0000005af0900000,0x0000005af0a00000] [id=5032]
  0x00000179dc831000 ConcurrentGCThread "G1 Refine#4" [stack: 0x0000005af0800000,0x0000005af0900000] [id=1280]
  0x00000179dc82f800 ConcurrentGCThread "G1 Refine#5" [stack: 0x0000005af0700000,0x0000005af0800000] [id=13272]
  0x00000179d31d5000 ConcurrentGCThread "G1 Refine#6" [stack: 0x0000005af0600000,0x0000005af0700000] [id=7304]
  0x00000179d31d4000 ConcurrentGCThread "G1 Refine#7" [stack: 0x0000005af0500000,0x0000005af0600000] [id=9720]
  0x00000179d31d3800 ConcurrentGCThread "G1 Refine#8" [stack: 0x0000005af0400000,0x0000005af0500000] [id=4000]
  0x00000179d6203000 ConcurrentGCThread "G1 Refine#9" [stack: 0x0000005af0300000,0x0000005af0400000] [id=2816]
  0x00000179dbf5e000 ConcurrentGCThread "G1 Young RemSet Sampling" [stack: 0x0000005af0d00000,0x0000005af0e00000] [id=19136]

Threads with active compile tasks:

VM state:not at safepoint (normal execution)

VM Mutex/Monitor currently owned by a thread: None

Heap address: 0x0000000700000000, size: 3072 MB, Compressed Oops mode: Zero based, Oop shift amount: 3
Narrow klass base: 0x0000000000000000, Narrow klass shift: 3
Compressed class space size: 1073741824 Address: 0x00000007c0000000

Heap:
 garbage-first heap   total 250880K, used 154353K [0x0000000700000000, 0x00000007001007a8, 0x00000007c0000000)
  region size 1024K, 15 young (15360K), 1 survivors (1024K)
 Metaspace       used 94240K, capacity 101381K, committed 101504K, reserved 1136640K
  class space    used 13393K, capacity 14637K, committed 14720K, reserved 1048576K
Heap Regions: E=young(eden), S=young(survivor), O=old, HS=humongous(starts), HC=humongous(continues), CS=collection set, F=free, A=archive, TS=gc time stamp, AC=allocation context, TAMS=top-at-mark-start (previous, next)
|   0|0x0000000700000000, 0x00000007000ff1b0, 0x0000000700100000| 99%| O|  |TS  0|AC  0|TAMS 0x00000007000ff1b0, 0x00000007000ff1b0|
|   1|0x0000000700100000, 0x0000000700200000, 0x0000000700200000|100%|HS|  |TS  0|AC  0|TAMS 0x0000000700200000, 0x0000000700200000|
|   2|0x0000000700200000, 0x0000000700300000, 0x0000000700300000|100%|HC|  |TS  0|AC  0|TAMS 0x0000000700300000, 0x0000000700300000|
|   3|0x0000000700300000, 0x0000000700400000, 0x0000000700400000|100%|HS|  |TS  0|AC  0|TAMS 0x0000000700400000, 0x0000000700400000|
|   4|0x0000000700400000, 0x00000007004fb938, 0x0000000700500000| 98%| O|  |TS  0|AC  0|TAMS 0x00000007004fb938, 0x00000007004fb938|
|   5|0x0000000700500000, 0x00000007005fffe0, 0x0000000700600000| 99%| O|  |TS  0|AC  0|TAMS 0x00000007005fffe0, 0x00000007005fffe0|
|   6|0x0000000700600000, 0x00000007006ffff8, 0x0000000700700000| 99%| O|  |TS  0|AC  0|TAMS 0x00000007006ffff8, 0x00000007006ffff8|
|   7|0x0000000700700000, 0x0000000700800000, 0x0000000700800000|100%| O|  |TS  0|AC  0|TAMS 0x0000000700800000, 0x0000000700800000|
|   8|0x0000000700800000, 0x0000000700900000, 0x0000000700900000|100%| O|  |TS  0|AC  0|TAMS 0x0000000700900000, 0x0000000700900000|
|   9|0x0000000700900000, 0x00000007009febf8, 0x0000000700a00000| 99%| O|  |TS  0|AC  0|TAMS 0x00000007009febf8, 0x00000007009febf8|
|  10|0x0000000700a00000, 0x0000000700aee470, 0x0000000700b00000| 93%| O|  |TS  0|AC  0|TAMS 0x0000000700aee470, 0x0000000700aee470|
|  11|0x0000000700b00000, 0x0000000700c00000, 0x0000000700c00000|100%|HS|  |TS  0|AC  0|TAMS 0x0000000700c00000, 0x0000000700c00000|
|  12|0x0000000700c00000, 0x0000000700d00000, 0x0000000700d00000|100%|HC|  |TS  0|AC  0|TAMS 0x0000000700d00000, 0x0000000700d00000|
|  13|0x0000000700d00000, 0x0000000700dd3980, 0x0000000700e00000| 82%| O|  |TS  0|AC  0|TAMS 0x0000000700dd3980, 0x0000000700dd3980|
|  14|0x0000000700e00000, 0x0000000700efea90, 0x0000000700f00000| 99%| O|  |TS  0|AC  0|TAMS 0x0000000700efea90, 0x0000000700efea90|
|  15|0x0000000700f00000, 0x0000000700ff5e68, 0x0000000701000000| 96%| O|  |TS  0|AC  0|TAMS 0x0000000700ff5e68, 0x0000000700ff5e68|
|  16|0x0000000701000000, 0x00000007010ff608, 0x0000000701100000| 99%| O|  |TS  0|AC  0|TAMS 0x00000007010ff608, 0x00000007010ff608|
|  17|0x0000000701100000, 0x00000007011cfcf8, 0x0000000701200000| 81%| O|  |TS  0|AC  0|TAMS 0x00000007011cfcf8, 0x00000007011cfcf8|
|  18|0x0000000701200000, 0x00000007012ffff0, 0x0000000701300000| 99%| O|  |TS  0|AC  0|TAMS 0x00000007012ffff0, 0x00000007012ffff0|
|  19|0x0000000701300000, 0x00000007013fffc8, 0x0000000701400000| 99%| O|  |TS  0|AC  0|TAMS 0x00000007013fffc8, 0x00000007013fffc8|
|  20|0x0000000701400000, 0x00000007014fffe8, 0x0000000701500000| 99%| O|  |TS  0|AC  0|TAMS 0x00000007014fffe8, 0x00000007014fffe8|
|  21|0x0000000701500000, 0x00000007015fff90, 0x0000000701600000| 99%| O|  |TS  0|AC  0|TAMS 0x00000007015fff90, 0x00000007015fff90|
|  22|0x0000000701600000, 0x0000000701700000, 0x0000000701700000|100%| O|  |TS  0|AC  0|TAMS 0x0000000701700000, 0x0000000701700000|
|  23|0x0000000701700000, 0x00000007017ff7f0, 0x0000000701800000| 99%| O|  |TS  0|AC  0|TAMS 0x00000007017ff7f0, 0x00000007017ff7f0|
|  24|0x0000000701800000, 0x0000000701900000, 0x0000000701900000|100%|HS|  |TS  0|AC  0|TAMS 0x0000000701900000, 0x0000000701900000|
|  25|0x0000000701900000, 0x00000007019fffc0, 0x0000000701a00000| 99%| O|  |TS  0|AC  0|TAMS 0x00000007019fffc0, 0x00000007019fffc0|
|  26|0x0000000701a00000, 0x0000000701affff8, 0x0000000701b00000| 99%| O|  |TS  0|AC  0|TAMS 0x0000000701affff8, 0x0000000701affff8|
|  27|0x0000000701b00000, 0x0000000701bfffe8, 0x0000000701c00000| 99%| O|  |TS  0|AC  0|TAMS 0x0000000701bfffe8, 0x0000000701bfffe8|
|  28|0x0000000701c00000, 0x0000000701cffef8, 0x0000000701d00000| 99%| O|  |TS  0|AC  0|TAMS 0x0000000701cffef8, 0x0000000701cffef8|
|  29|0x0000000701d00000, 0x0000000701e00000, 0x0000000701e00000|100%|HS|  |TS  0|AC  0|TAMS 0x0000000701e00000, 0x0000000701e00000|
|  30|0x0000000701e00000, 0x0000000701effe68, 0x0000000701f00000| 99%| O|  |TS  0|AC  0|TAMS 0x0000000701effe68, 0x0000000701effe68|
|  31|0x0000000701f00000, 0x0000000701fffff0, 0x0000000702000000| 99%| O|  |TS  0|AC  0|TAMS 0x0000000701fffff0, 0x0000000701fffff0|
|  32|0x0000000702000000, 0x00000007020ffff8, 0x0000000702100000| 99%| O|  |TS  0|AC  0|TAMS 0x00000007020ffff8, 0x00000007020ffff8|
|  33|0x0000000702100000, 0x00000007021fffe0, 0x0000000702200000| 99%| O|  |TS  0|AC  0|TAMS 0x00000007021fffe0, 0x00000007021fffe0|
|  34|0x0000000702200000, 0x0000000702300000, 0x0000000702300000|100%| O|  |TS  0|AC  0|TAMS 0x0000000702300000, 0x0000000702300000|
|  35|0x0000000702300000, 0x00000007023fff50, 0x0000000702400000| 99%| O|  |TS  0|AC  0|TAMS 0x00000007023fff50, 0x00000007023fff50|
|  36|0x0000000702400000, 0x0000000702500000, 0x0000000702500000|100%| O|  |TS  0|AC  0|TAMS 0x0000000702500000, 0x0000000702500000|
|  37|0x0000000702500000, 0x00000007025ffff8, 0x0000000702600000| 99%| O|  |TS  0|AC  0|TAMS 0x00000007025ffff8, 0x00000007025ffff8|
|  38|0x0000000702600000, 0x00000007026fffe8, 0x0000000702700000| 99%| O|  |TS  0|AC  0|TAMS 0x00000007026fffe8, 0x00000007026fffe8|
|  39|0x0000000702700000, 0x00000007027fffe8, 0x0000000702800000| 99%| O|  |TS  0|AC  0|TAMS 0x00000007027fffe8, 0x00000007027fffe8|
|  40|0x0000000702800000, 0x00000007028ffff8, 0x0000000702900000| 99%| O|  |TS  0|AC  0|TAMS 0x00000007028ffff8, 0x00000007028ffff8|
|  41|0x0000000702900000, 0x00000007029ffff0, 0x0000000702a00000| 99%| O|  |TS  0|AC  0|TAMS 0x00000007029ffff0, 0x00000007029ffff0|
|  42|0x0000000702a00000, 0x0000000702b00000, 0x0000000702b00000|100%|HS|  |TS  0|AC  0|TAMS 0x0000000702b00000, 0x0000000702b00000|
|  43|0x0000000702b00000, 0x0000000702bfffe8, 0x0000000702c00000| 99%| O|  |TS  0|AC  0|TAMS 0x0000000702bfffe8, 0x0000000702bfffe8|
|  44|0x0000000702c00000, 0x0000000702cfffe8, 0x0000000702d00000| 99%| O|  |TS  0|AC  0|TAMS 0x0000000702cfffe8, 0x0000000702cfffe8|
|  45|0x0000000702d00000, 0x0000000702dffff8, 0x0000000702e00000| 99%| O|  |TS  0|AC  0|TAMS 0x0000000702dffff8, 0x0000000702dffff8|
|  46|0x0000000702e00000, 0x0000000702efffd0, 0x0000000702f00000| 99%| O|  |TS  0|AC  0|TAMS 0x0000000702efffd0, 0x0000000702efffd0|
|  47|0x0000000702f00000, 0x0000000702ffffe0, 0x0000000703000000| 99%| O|  |TS  0|AC  0|TAMS 0x0000000702ffffe0, 0x0000000702ffffe0|
|  48|0x0000000703000000, 0x00000007030feec0, 0x0000000703100000| 99%| O|  |TS  0|AC  0|TAMS 0x00000007030feec0, 0x00000007030feec0|
|  49|0x0000000703100000, 0x00000007031ffff0, 0x0000000703200000| 99%| O|  |TS  0|AC  0|TAMS 0x00000007031ffff0, 0x00000007031ffff0|
|  50|0x0000000703200000, 0x00000007032feac8, 0x0000000703300000| 99%| O|  |TS  0|AC  0|TAMS 0x00000007032feac8, 0x00000007032feac8|
|  51|0x0000000703300000, 0x00000007033fff08, 0x0000000703400000| 99%| O|  |TS  0|AC  0|TAMS 0x00000007033fff08, 0x00000007033fff08|
|  52|0x0000000703400000, 0x00000007034fff88, 0x0000000703500000| 99%| O|  |TS  0|AC  0|TAMS 0x00000007034fff88, 0x00000007034fff88|
|  53|0x0000000703500000, 0x00000007035fffc0, 0x0000000703600000| 99%| O|  |TS  0|AC  0|TAMS 0x00000007035fffc0, 0x00000007035fffc0|
|  54|0x0000000703600000, 0x00000007036ffb08, 0x0000000703700000| 99%| O|  |TS  0|AC  0|TAMS 0x00000007036ffb08, 0x00000007036ffb08|
|  55|0x0000000703700000, 0x0000000703800000, 0x0000000703800000|100%| O|  |TS  0|AC  0|TAMS 0x0000000703800000, 0x0000000703800000|
|  56|0x0000000703800000, 0x00000007038fffc8, 0x0000000703900000| 99%| O|  |TS  0|AC  0|TAMS 0x00000007038fffc8, 0x00000007038fffc8|
|  57|0x0000000703900000, 0x00000007039fffe8, 0x0000000703a00000| 99%| O|  |TS  0|AC  0|TAMS 0x00000007039fffe8, 0x00000007039fffe8|
|  58|0x0000000703a00000, 0x0000000703afffe8, 0x0000000703b00000| 99%| O|  |TS  0|AC  0|TAMS 0x0000000703afffe8, 0x0000000703afffe8|
|  59|0x0000000703b00000, 0x0000000703c00000, 0x0000000703c00000|100%|HS|  |TS  0|AC  0|TAMS 0x0000000703c00000, 0x0000000703c00000|
|  60|0x0000000703c00000, 0x0000000703cffff0, 0x0000000703d00000| 99%| O|  |TS  0|AC  0|TAMS 0x0000000703cffff0, 0x0000000703cffff0|
|  61|0x0000000703d00000, 0x0000000703dffff8, 0x0000000703e00000| 99%| O|  |TS  0|AC  0|TAMS 0x0000000703dffff8, 0x0000000703dffff8|
|  62|0x0000000703e00000, 0x0000000703effff8, 0x0000000703f00000| 99%| O|  |TS  0|AC  0|TAMS 0x0000000703effff8, 0x0000000703effff8|
|  63|0x0000000703f00000, 0x0000000703fffff0, 0x0000000704000000| 99%| O|  |TS  0|AC  0|TAMS 0x0000000703fffff0, 0x0000000703fffff0|
|  64|0x0000000704000000, 0x00000007040ffff8, 0x0000000704100000| 99%| O|  |TS  0|AC  0|TAMS 0x00000007040ffff8, 0x00000007040ffff8|
|  65|0x0000000704100000, 0x00000007041ffff0, 0x0000000704200000| 99%| O|  |TS  0|AC  0|TAMS 0x00000007041ffff0, 0x00000007041ffff0|
|  66|0x0000000704200000, 0x00000007042ffff0, 0x0000000704300000| 99%| O|  |TS  0|AC  0|TAMS 0x00000007042ffff0, 0x00000007042ffff0|
|  67|0x0000000704300000, 0x0000000704400000, 0x0000000704400000|100%| O|  |TS  0|AC  0|TAMS 0x0000000704400000, 0x0000000704400000|
|  68|0x0000000704400000, 0x00000007044fffe0, 0x0000000704500000| 99%| O|  |TS  0|AC  0|TAMS 0x00000007044fffe0, 0x00000007044fffe0|
|  69|0x0000000704500000, 0x00000007045ffff8, 0x0000000704600000| 99%| O|  |TS  0|AC  0|TAMS 0x00000007045ffff8, 0x00000007045ffff8|
|  70|0x0000000704600000, 0x0000000704700000, 0x0000000704700000|100%| O|  |TS  0|AC  0|TAMS 0x0000000704700000, 0x0000000704700000|
|  71|0x0000000704700000, 0x00000007047fffe0, 0x0000000704800000| 99%| O|  |TS  0|AC  0|TAMS 0x00000007047fffe0, 0x00000007047fffe0|
|  72|0x0000000704800000, 0x00000007048fffe8, 0x0000000704900000| 99%| O|  |TS  0|AC  0|TAMS 0x00000007048fffe8, 0x00000007048fffe8|
|  73|0x0000000704900000, 0x00000007049ffff0, 0x0000000704a00000| 99%| O|  |TS  0|AC  0|TAMS 0x00000007049ffff0, 0x00000007049ffff0|
|  74|0x0000000704a00000, 0x0000000704affff8, 0x0000000704b00000| 99%| O|  |TS  0|AC  0|TAMS 0x0000000704affff8, 0x0000000704affff8|
|  75|0x0000000704b00000, 0x0000000704c00000, 0x0000000704c00000|100%| O|  |TS  0|AC  0|TAMS 0x0000000704c00000, 0x0000000704c00000|
|  76|0x0000000704c00000, 0x0000000704cffff8, 0x0000000704d00000| 99%| O|  |TS  0|AC  0|TAMS 0x0000000704cffff8, 0x0000000704cffff8|
|  77|0x0000000704d00000, 0x0000000704dfffe0, 0x0000000704e00000| 99%| O|  |TS  0|AC  0|TAMS 0x0000000704dfffe0, 0x0000000704dfffe0|
|  78|0x0000000704e00000, 0x0000000704effff8, 0x0000000704f00000| 99%| O|  |TS  0|AC  0|TAMS 0x0000000704effff8, 0x0000000704effff8|
|  79|0x0000000704f00000, 0x0000000704ffffd8, 0x0000000705000000| 99%| O|  |TS  0|AC  0|TAMS 0x0000000704ffffd8, 0x0000000704ffffd8|
|  80|0x0000000705000000, 0x00000007050ffff0, 0x0000000705100000| 99%| O|  |TS  0|AC  0|TAMS 0x00000007050ffff0, 0x00000007050ffff0|
|  81|0x0000000705100000, 0x00000007051fffe8, 0x0000000705200000| 99%| O|  |TS  0|AC  0|TAMS 0x00000007051fffe8, 0x00000007051fffe8|
|  82|0x0000000705200000, 0x00000007052ffff8, 0x0000000705300000| 99%| O|  |TS  0|AC  0|TAMS 0x00000007052ffff8, 0x00000007052ffff8|
|  83|0x0000000705300000, 0x00000007053ffdb8, 0x0000000705400000| 99%| O|  |TS  0|AC  0|TAMS 0x00000007053ffdb8, 0x00000007053ffdb8|
|  84|0x0000000705400000, 0x00000007054fffc8, 0x0000000705500000| 99%| O|  |TS  0|AC  0|TAMS 0x00000007054fffc8, 0x00000007054fffc8|
|  85|0x0000000705500000, 0x00000007055fffe0, 0x0000000705600000| 99%| O|  |TS  0|AC  0|TAMS 0x00000007055fffe0, 0x00000007055fffe0|
|  86|0x0000000705600000, 0x00000007056ffff8, 0x0000000705700000| 99%| O|  |TS  0|AC  0|TAMS 0x00000007056ffff8, 0x00000007056ffff8|
|  87|0x0000000705700000, 0x00000007057fffe8, 0x0000000705800000| 99%| O|  |TS  0|AC  0|TAMS 0x00000007057fffe8, 0x00000007057fffe8|
|  88|0x0000000705800000, 0x00000007058fffd0, 0x0000000705900000| 99%| O|  |TS  0|AC  0|TAMS 0x00000007058fffd0, 0x00000007058fffd0|
|  89|0x0000000705900000, 0x00000007059ffff0, 0x0000000705a00000| 99%| O|  |TS  0|AC  0|TAMS 0x00000007059ffff0, 0x00000007059ffff0|
|  90|0x0000000705a00000, 0x0000000705ad90f8, 0x0000000705b00000| 84%| O|  |TS  0|AC  0|TAMS 0x0000000705ad90f8, 0x0000000705ad90f8|
|  91|0x0000000705b00000, 0x0000000705bfffc0, 0x0000000705c00000| 99%| O|  |TS  0|AC  0|TAMS 0x0000000705bfffc0, 0x0000000705bfffc0|
|  92|0x0000000705c00000, 0x0000000705d00000, 0x0000000705d00000|100%|HS|  |TS  0|AC  0|TAMS 0x0000000705d00000, 0x0000000705d00000|
|  93|0x0000000705d00000, 0x0000000705e00000, 0x0000000705e00000|100%|HC|  |TS  0|AC  0|TAMS 0x0000000705e00000, 0x0000000705e00000|
|  94|0x0000000705e00000, 0x0000000705f00000, 0x0000000705f00000|100%|HC|  |TS  0|AC  0|TAMS 0x0000000705f00000, 0x0000000705f00000|
|  95|0x0000000705f00000, 0x0000000706000000, 0x0000000706000000|100%|HC|  |TS  0|AC  0|TAMS 0x0000000706000000, 0x0000000706000000|
|  96|0x0000000706000000, 0x0000000706100000, 0x0000000706100000|100%|HS|  |TS  0|AC  0|TAMS 0x0000000706100000, 0x0000000706100000|
|  97|0x0000000706100000, 0x0000000706200000, 0x0000000706200000|100%|HC|  |TS  0|AC  0|TAMS 0x0000000706200000, 0x0000000706200000|
|  98|0x0000000706200000, 0x00000007062ffff8, 0x0000000706300000| 99%| O|  |TS  0|AC  0|TAMS 0x00000007062ffff8, 0x00000007062ffff8|
|  99|0x0000000706300000, 0x00000007063abec8, 0x0000000706400000| 67%| O|  |TS  0|AC  0|TAMS 0x00000007063abec8, 0x00000007063abec8|
| 100|0x0000000706400000, 0x0000000706500000, 0x0000000706500000|100%|HS|  |TS  0|AC  0|TAMS 0x0000000706500000, 0x0000000706500000|
| 101|0x0000000706500000, 0x0000000706600000, 0x0000000706600000|100%|HC|  |TS  0|AC  0|TAMS 0x0000000706600000, 0x0000000706600000|
| 102|0x0000000706600000, 0x0000000706700000, 0x0000000706700000|100%|HC|  |TS  0|AC  0|TAMS 0x0000000706700000, 0x0000000706700000|
| 103|0x0000000706700000, 0x0000000706800000, 0x0000000706800000|100%|HC|  |TS  0|AC  0|TAMS 0x0000000706800000, 0x0000000706800000|
| 104|0x0000000706800000, 0x0000000706800000, 0x0000000706900000|  0%| F|  |TS  0|AC  0|TAMS 0x0000000706800000, 0x0000000706800000|
| 105|0x0000000706900000, 0x0000000706900000, 0x0000000706a00000|  0%| F|  |TS  0|AC  0|TAMS 0x0000000706900000, 0x0000000706900000|
| 106|0x0000000706a00000, 0x0000000706a00000, 0x0000000706b00000|  0%| F|  |TS  0|AC  0|TAMS 0x0000000706a00000, 0x0000000706a00000|
| 107|0x0000000706b00000, 0x0000000706c00000, 0x0000000706c00000|100%|HS|  |TS  0|AC  0|TAMS 0x0000000706c00000, 0x0000000706c00000|
| 108|0x0000000706c00000, 0x0000000706d00000, 0x0000000706d00000|100%|HC|  |TS  0|AC  0|TAMS 0x0000000706d00000, 0x0000000706d00000|
| 109|0x0000000706d00000, 0x0000000706e00000, 0x0000000706e00000|100%|HC|  |TS  0|AC  0|TAMS 0x0000000706e00000, 0x0000000706e00000|
| 110|0x0000000706e00000, 0x0000000706f00000, 0x0000000706f00000|100%|HC|  |TS  0|AC  0|TAMS 0x0000000706f00000, 0x0000000706f00000|
| 111|0x0000000706f00000, 0x0000000707000000, 0x0000000707000000|100%|HC|  |TS  0|AC  0|TAMS 0x0000000707000000, 0x0000000707000000|
| 112|0x0000000707000000, 0x0000000707100000, 0x0000000707100000|100%|HC|  |TS  0|AC  0|TAMS 0x0000000707100000, 0x0000000707100000|
| 113|0x0000000707100000, 0x0000000707200000, 0x0000000707200000|100%|HC|  |TS  0|AC  0|TAMS 0x0000000707200000, 0x0000000707200000|
| 114|0x0000000707200000, 0x0000000707300000, 0x0000000707300000|100%|HC|  |TS  0|AC  0|TAMS 0x0000000707300000, 0x0000000707300000|
| 115|0x0000000707300000, 0x0000000707400000, 0x0000000707400000|100%|HC|  |TS  0|AC  0|TAMS 0x0000000707400000, 0x0000000707400000|
| 116|0x0000000707400000, 0x0000000707500000, 0x0000000707500000|100%|HC|  |TS  0|AC  0|TAMS 0x0000000707500000, 0x0000000707500000|
| 117|0x0000000707500000, 0x0000000707600000, 0x0000000707600000|100%|HC|  |TS  0|AC  0|TAMS 0x0000000707600000, 0x0000000707600000|
| 118|0x0000000707600000, 0x0000000707700000, 0x0000000707700000|100%|HC|  |TS  0|AC  0|TAMS 0x0000000707700000, 0x0000000707700000|
| 119|0x0000000707700000, 0x0000000707800000, 0x0000000707800000|100%|HC|  |TS  0|AC  0|TAMS 0x0000000707800000, 0x0000000707800000|
| 120|0x0000000707800000, 0x0000000707900000, 0x0000000707900000|100%|HC|  |TS  0|AC  0|TAMS 0x0000000707900000, 0x0000000707900000|
| 121|0x0000000707900000, 0x0000000707a00000, 0x0000000707a00000|100%|HC|  |TS  0|AC  0|TAMS 0x0000000707a00000, 0x0000000707a00000|
| 122|0x0000000707a00000, 0x0000000707b00000, 0x0000000707b00000|100%|HC|  |TS  0|AC  0|TAMS 0x0000000707b00000, 0x0000000707b00000|
| 123|0x0000000707b00000, 0x0000000707c00000, 0x0000000707c00000|100%|HC|  |TS  0|AC  0|TAMS 0x0000000707c00000, 0x0000000707c00000|
| 124|0x0000000707c00000, 0x0000000707d00000, 0x0000000707d00000|100%|HC|  |TS  0|AC  0|TAMS 0x0000000707d00000, 0x0000000707d00000|
| 125|0x0000000707d00000, 0x0000000707e00000, 0x0000000707e00000|100%|HC|  |TS  0|AC  0|TAMS 0x0000000707e00000, 0x0000000707e00000|
| 126|0x0000000707e00000, 0x0000000707e00000, 0x0000000707f00000|  0%| F|  |TS  0|AC  0|TAMS 0x0000000707e00000, 0x0000000707e00000|
| 127|0x0000000707f00000, 0x0000000707f00000, 0x0000000708000000|  0%| F|  |TS  0|AC  0|TAMS 0x0000000707f00000, 0x0000000707f00000|
| 128|0x0000000708000000, 0x0000000708000000, 0x0000000708100000|  0%| F|  |TS  0|AC  0|TAMS 0x0000000708000000, 0x0000000708000000|
| 129|0x0000000708100000, 0x0000000708100000, 0x0000000708200000|  0%| F|  |TS  0|AC  0|TAMS 0x0000000708100000, 0x0000000708100000|
| 130|0x0000000708200000, 0x0000000708200000, 0x0000000708300000|  0%| F|  |TS  0|AC  0|TAMS 0x0000000708200000, 0x0000000708200000|
| 131|0x0000000708300000, 0x0000000708300000, 0x0000000708400000|  0%| F|  |TS  0|AC  0|TAMS 0x0000000708300000, 0x0000000708300000|
| 132|0x0000000708400000, 0x0000000708400000, 0x0000000708500000|  0%| F|  |TS  0|AC  0|TAMS 0x0000000708400000, 0x0000000708400000|
| 133|0x0000000708500000, 0x0000000708500000, 0x0000000708600000|  0%| F|  |TS  0|AC  0|TAMS 0x0000000708500000, 0x0000000708500000|
| 134|0x0000000708600000, 0x0000000708600000, 0x0000000708700000|  0%| F|  |TS  0|AC  0|TAMS 0x0000000708600000, 0x0000000708600000|
| 135|0x0000000708700000, 0x0000000708700000, 0x0000000708800000|  0%| F|  |TS  0|AC  0|TAMS 0x0000000708700000, 0x0000000708700000|
| 136|0x0000000708800000, 0x0000000708800000, 0x0000000708900000|  0%| F|  |TS  0|AC  0|TAMS 0x0000000708800000, 0x0000000708800000|
| 137|0x0000000708900000, 0x0000000708900000, 0x0000000708a00000|  0%| F|  |TS  0|AC  0|TAMS 0x0000000708900000, 0x0000000708900000|
| 138|0x0000000708a00000, 0x0000000708a00000, 0x0000000708b00000|  0%| F|  |TS  0|AC  0|TAMS 0x0000000708a00000, 0x0000000708a00000|
| 139|0x0000000708b00000, 0x0000000708b00000, 0x0000000708c00000|  0%| F|  |TS  0|AC  0|TAMS 0x0000000708b00000, 0x0000000708b00000|
| 140|0x0000000708c00000, 0x0000000708c00000, 0x0000000708d00000|  0%| F|  |TS  0|AC  0|TAMS 0x0000000708c00000, 0x0000000708c00000|
| 141|0x0000000708d00000, 0x0000000708e00000, 0x0000000708e00000|100%|HS|  |TS  0|AC  0|TAMS 0x0000000708e00000, 0x0000000708e00000|
| 142|0x0000000708e00000, 0x0000000708f00000, 0x0000000708f00000|100%|HC|  |TS  0|AC  0|TAMS 0x0000000708f00000, 0x0000000708f00000|
| 143|0x0000000708f00000, 0x0000000709000000, 0x0000000709000000|100%|HC|  |TS  0|AC  0|TAMS 0x0000000709000000, 0x0000000709000000|
| 144|0x0000000709000000, 0x0000000709100000, 0x0000000709100000|100%|HC|  |TS  0|AC  0|TAMS 0x0000000709100000, 0x0000000709100000|
| 145|0x0000000709100000, 0x0000000709200000, 0x0000000709200000|100%|HC|  |TS  0|AC  0|TAMS 0x0000000709200000, 0x0000000709200000|
| 146|0x0000000709200000, 0x0000000709300000, 0x0000000709300000|100%|HC|  |TS  0|AC  0|TAMS 0x0000000709300000, 0x0000000709300000|
| 147|0x0000000709300000, 0x0000000709400000, 0x0000000709400000|100%|HC|  |TS  0|AC  0|TAMS 0x0000000709400000, 0x0000000709400000|
| 148|0x0000000709400000, 0x0000000709500000, 0x0000000709500000|100%|HC|  |TS  0|AC  0|TAMS 0x0000000709500000, 0x0000000709500000|
| 149|0x0000000709500000, 0x0000000709600000, 0x0000000709600000|100%|HC|  |TS  0|AC  0|TAMS 0x0000000709600000, 0x0000000709600000|
| 150|0x0000000709600000, 0x0000000709700000, 0x0000000709700000|100%|HC|  |TS  0|AC  0|TAMS 0x0000000709700000, 0x0000000709700000|
| 151|0x0000000709700000, 0x0000000709800000, 0x0000000709800000|100%|HC|  |TS  0|AC  0|TAMS 0x0000000709800000, 0x0000000709800000|
| 152|0x0000000709800000, 0x0000000709900000, 0x0000000709900000|100%|HC|  |TS  0|AC  0|TAMS 0x0000000709900000, 0x0000000709900000|
| 153|0x0000000709900000, 0x0000000709a00000, 0x0000000709a00000|100%|HC|  |TS  0|AC  0|TAMS 0x0000000709a00000, 0x0000000709a00000|
| 154|0x0000000709a00000, 0x0000000709b00000, 0x0000000709b00000|100%|HC|  |TS  0|AC  0|TAMS 0x0000000709b00000, 0x0000000709b00000|
| 155|0x0000000709b00000, 0x0000000709c00000, 0x0000000709c00000|100%|HC|  |TS  0|AC  0|TAMS 0x0000000709c00000, 0x0000000709c00000|
| 156|0x0000000709c00000, 0x0000000709c00000, 0x0000000709d00000|  0%| F|  |TS  0|AC  0|TAMS 0x0000000709c00000, 0x0000000709c00000|
| 157|0x0000000709d00000, 0x0000000709d00000, 0x0000000709e00000|  0%| F|  |TS  0|AC  0|TAMS 0x0000000709d00000, 0x0000000709d00000|
| 158|0x0000000709e00000, 0x0000000709e00000, 0x0000000709f00000|  0%| F|  |TS  0|AC  0|TAMS 0x0000000709e00000, 0x0000000709e00000|
| 159|0x0000000709f00000, 0x0000000709f00000, 0x000000070a000000|  0%| F|  |TS  0|AC  0|TAMS 0x0000000709f00000, 0x0000000709f00000|
| 160|0x000000070a000000, 0x000000070a000000, 0x000000070a100000|  0%| F|  |TS  0|AC  0|TAMS 0x000000070a000000, 0x000000070a000000|
| 161|0x000000070a100000, 0x000000070a100000, 0x000000070a200000|  0%| F|  |TS  0|AC  0|TAMS 0x000000070a100000, 0x000000070a100000|
| 162|0x000000070a200000, 0x000000070a200000, 0x000000070a300000|  0%| F|  |TS  0|AC  0|TAMS 0x000000070a200000, 0x000000070a200000|
| 163|0x000000070a300000, 0x000000070a300000, 0x000000070a400000|  0%| F|  |TS  0|AC  0|TAMS 0x000000070a300000, 0x000000070a300000|
| 164|0x000000070a400000, 0x000000070a400000, 0x000000070a500000|  0%| F|  |TS  0|AC  0|TAMS 0x000000070a400000, 0x000000070a400000|
| 165|0x000000070a500000, 0x000000070a500000, 0x000000070a600000|  0%| F|  |TS  0|AC  0|TAMS 0x000000070a500000, 0x000000070a500000|
| 166|0x000000070a600000, 0x000000070a600000, 0x000000070a700000|  0%| F|  |TS  0|AC  0|TAMS 0x000000070a600000, 0x000000070a600000|
| 167|0x000000070a700000, 0x000000070a700000, 0x000000070a800000|  0%| F|  |TS  0|AC  0|TAMS 0x000000070a700000, 0x000000070a700000|
| 168|0x000000070a800000, 0x000000070a800000, 0x000000070a900000|  0%| F|  |TS  0|AC  0|TAMS 0x000000070a800000, 0x000000070a800000|
| 169|0x000000070a900000, 0x000000070a900000, 0x000000070aa00000|  0%| F|  |TS  0|AC  0|TAMS 0x000000070a900000, 0x000000070a900000|
| 170|0x000000070aa00000, 0x000000070aa00000, 0x000000070ab00000|  0%| F|  |TS  0|AC  0|TAMS 0x000000070aa00000, 0x000000070aa00000|
| 171|0x000000070ab00000, 0x000000070ab00000, 0x000000070ac00000|  0%| F|  |TS  0|AC  0|TAMS 0x000000070ab00000, 0x000000070ab00000|
| 172|0x000000070ac00000, 0x000000070ac00000, 0x000000070ad00000|  0%| F|  |TS  0|AC  0|TAMS 0x000000070ac00000, 0x000000070ac00000|
| 173|0x000000070ad00000, 0x000000070ad00000, 0x000000070ae00000|  0%| F|  |TS  0|AC  0|TAMS 0x000000070ad00000, 0x000000070ad00000|
| 174|0x000000070ae00000, 0x000000070ae00000, 0x000000070af00000|  0%| F|  |TS  0|AC  0|TAMS 0x000000070ae00000, 0x000000070ae00000|
| 175|0x000000070af00000, 0x000000070af00000, 0x000000070b000000|  0%| F|  |TS  0|AC  0|TAMS 0x000000070af00000, 0x000000070af00000|
| 176|0x000000070b000000, 0x000000070b000000, 0x000000070b100000|  0%| F|  |TS  0|AC  0|TAMS 0x000000070b000000, 0x000000070b000000|
| 177|0x000000070b100000, 0x000000070b100000, 0x000000070b200000|  0%| F|  |TS  0|AC  0|TAMS 0x000000070b100000, 0x000000070b100000|
| 178|0x000000070b200000, 0x000000070b200000, 0x000000070b300000|  0%| F|  |TS  0|AC  0|TAMS 0x000000070b200000, 0x000000070b200000|
| 179|0x000000070b300000, 0x000000070b300000, 0x000000070b400000|  0%| F|  |TS  0|AC  0|TAMS 0x000000070b300000, 0x000000070b300000|
| 180|0x000000070b400000, 0x000000070b400000, 0x000000070b500000|  0%| F|  |TS  0|AC  0|TAMS 0x000000070b400000, 0x000000070b400000|
| 181|0x000000070b500000, 0x000000070b500000, 0x000000070b600000|  0%| F|  |TS  0|AC  0|TAMS 0x000000070b500000, 0x000000070b500000|
| 182|0x000000070b600000, 0x000000070b600000, 0x000000070b700000|  0%| F|  |TS  0|AC  0|TAMS 0x000000070b600000, 0x000000070b600000|
| 183|0x000000070b700000, 0x000000070b700000, 0x000000070b800000|  0%| F|  |TS  0|AC  0|TAMS 0x000000070b700000, 0x000000070b700000|
| 184|0x000000070b800000, 0x000000070b800000, 0x000000070b900000|  0%| F|  |TS  1|AC  0|TAMS 0x000000070b800000, 0x000000070b800000|
| 185|0x000000070b900000, 0x000000070b9bc5a0, 0x000000070ba00000| 73%| S|CS|TS  1|AC  0|TAMS 0x000000070b900000, 0x000000070b900000|
| 186|0x000000070ba00000, 0x000000070ba00000, 0x000000070bb00000|  0%| F|  |TS  1|AC  0|TAMS 0x000000070ba00000, 0x000000070ba00000|
| 187|0x000000070bb00000, 0x000000070bb00000, 0x000000070bc00000|  0%| F|  |TS  1|AC  0|TAMS 0x000000070bb00000, 0x000000070bb00000|
| 188|0x000000070bc00000, 0x000000070bc00000, 0x000000070bd00000|  0%| F|  |TS  1|AC  0|TAMS 0x000000070bc00000, 0x000000070bc00000|
| 189|0x000000070bd00000, 0x000000070bd00000, 0x000000070be00000|  0%| F|  |TS  1|AC  0|TAMS 0x000000070bd00000, 0x000000070bd00000|
| 190|0x000000070be00000, 0x000000070be00000, 0x000000070bf00000|  0%| F|  |TS  1|AC  0|TAMS 0x000000070be00000, 0x000000070be00000|
| 191|0x000000070bf00000, 0x000000070bf00000, 0x000000070c000000|  0%| F|  |TS  1|AC  0|TAMS 0x000000070bf00000, 0x000000070bf00000|
| 192|0x000000070c000000, 0x000000070c000000, 0x000000070c100000|  0%| F|  |TS  1|AC  0|TAMS 0x000000070c000000, 0x000000070c000000|
| 193|0x000000070c100000, 0x000000070c100000, 0x000000070c200000|  0%| F|  |TS  1|AC  0|TAMS 0x000000070c100000, 0x000000070c100000|
| 194|0x000000070c200000, 0x000000070c200000, 0x000000070c300000|  0%| F|  |TS  1|AC  0|TAMS 0x000000070c200000, 0x000000070c200000|
| 195|0x000000070c300000, 0x000000070c300000, 0x000000070c400000|  0%| F|  |TS  1|AC  0|TAMS 0x000000070c300000, 0x000000070c300000|
| 196|0x000000070c400000, 0x000000070c400000, 0x000000070c500000|  0%| F|  |TS  1|AC  0|TAMS 0x000000070c400000, 0x000000070c400000|
| 197|0x000000070c500000, 0x000000070c500000, 0x000000070c600000|  0%| F|  |TS  1|AC  0|TAMS 0x000000070c500000, 0x000000070c500000|
| 198|0x000000070c600000, 0x000000070c600000, 0x000000070c700000|  0%| F|  |TS  1|AC  0|TAMS 0x000000070c600000, 0x000000070c600000|
| 199|0x000000070c700000, 0x000000070c700000, 0x000000070c800000|  0%| F|  |TS  1|AC  0|TAMS 0x000000070c700000, 0x000000070c700000|
| 200|0x000000070c800000, 0x000000070c800000, 0x000000070c900000|  0%| F|  |TS  1|AC  0|TAMS 0x000000070c800000, 0x000000070c800000|
| 201|0x000000070c900000, 0x000000070c900000, 0x000000070ca00000|  0%| F|  |TS  1|AC  0|TAMS 0x000000070c900000, 0x000000070c900000|
| 202|0x000000070ca00000, 0x000000070ca00000, 0x000000070cb00000|  0%| F|  |TS  1|AC  0|TAMS 0x000000070ca00000, 0x000000070ca00000|
| 203|0x000000070cb00000, 0x000000070cb00000, 0x000000070cc00000|  0%| F|  |TS  1|AC  0|TAMS 0x000000070cb00000, 0x000000070cb00000|
| 204|0x000000070cc00000, 0x000000070cc00000, 0x000000070cd00000|  0%| F|  |TS  1|AC  0|TAMS 0x000000070cc00000, 0x000000070cc00000|
| 205|0x000000070cd00000, 0x000000070cd00000, 0x000000070ce00000|  0%| F|  |TS  1|AC  0|TAMS 0x000000070cd00000, 0x000000070cd00000|
| 206|0x000000070ce00000, 0x000000070ce00000, 0x000000070cf00000|  0%| F|  |TS  1|AC  0|TAMS 0x000000070ce00000, 0x000000070ce00000|
| 207|0x000000070cf00000, 0x000000070cf00000, 0x000000070d000000|  0%| F|  |TS  1|AC  0|TAMS 0x000000070cf00000, 0x000000070cf00000|
| 208|0x000000070d000000, 0x000000070d000000, 0x000000070d100000|  0%| F|  |TS  1|AC  0|TAMS 0x000000070d000000, 0x000000070d000000|
| 209|0x000000070d100000, 0x000000070d100000, 0x000000070d200000|  0%| F|  |TS  1|AC  0|TAMS 0x000000070d100000, 0x000000070d100000|
| 210|0x000000070d200000, 0x000000070d200000, 0x000000070d300000|  0%| F|  |TS  1|AC  0|TAMS 0x000000070d200000, 0x000000070d200000|
| 211|0x000000070d300000, 0x000000070d300000, 0x000000070d400000|  0%| F|  |TS  1|AC  0|TAMS 0x000000070d300000, 0x000000070d300000|
| 212|0x000000070d400000, 0x000000070d400000, 0x000000070d500000|  0%| F|  |TS  1|AC  0|TAMS 0x000000070d400000, 0x000000070d400000|
| 213|0x000000070d500000, 0x000000070d500000, 0x000000070d600000|  0%| F|  |TS  1|AC  0|TAMS 0x000000070d500000, 0x000000070d500000|
| 214|0x000000070d600000, 0x000000070d600000, 0x000000070d700000|  0%| F|  |TS  1|AC  0|TAMS 0x000000070d600000, 0x000000070d600000|
| 215|0x000000070d700000, 0x000000070d700000, 0x000000070d800000|  0%| F|  |TS  1|AC  0|TAMS 0x000000070d700000, 0x000000070d700000|
| 216|0x000000070d800000, 0x000000070d800000, 0x000000070d900000|  0%| F|  |TS  1|AC  0|TAMS 0x000000070d800000, 0x000000070d800000|
| 217|0x000000070d900000, 0x000000070d900000, 0x000000070da00000|  0%| F|  |TS  1|AC  0|TAMS 0x000000070d900000, 0x000000070d900000|
| 218|0x000000070da00000, 0x000000070da00000, 0x000000070db00000|  0%| F|  |TS  1|AC  0|TAMS 0x000000070da00000, 0x000000070da00000|
| 219|0x000000070db00000, 0x000000070db00000, 0x000000070dc00000|  0%| F|  |TS  1|AC  0|TAMS 0x000000070db00000, 0x000000070db00000|
| 220|0x000000070dc00000, 0x000000070dc00000, 0x000000070dd00000|  0%| F|  |TS  1|AC  0|TAMS 0x000000070dc00000, 0x000000070dc00000|
| 221|0x000000070dd00000, 0x000000070dd00000, 0x000000070de00000|  0%| F|  |TS  1|AC  0|TAMS 0x000000070dd00000, 0x000000070dd00000|
| 222|0x000000070de00000, 0x000000070de00000, 0x000000070df00000|  0%| F|  |TS  1|AC  0|TAMS 0x000000070de00000, 0x000000070de00000|
| 223|0x000000070df00000, 0x000000070df00000, 0x000000070e000000|  0%| F|  |TS  1|AC  0|TAMS 0x000000070df00000, 0x000000070df00000|
| 224|0x000000070e000000, 0x000000070e000000, 0x000000070e100000|  0%| F|  |TS  1|AC  0|TAMS 0x000000070e000000, 0x000000070e000000|
| 225|0x000000070e100000, 0x000000070e100000, 0x000000070e200000|  0%| F|  |TS  1|AC  0|TAMS 0x000000070e100000, 0x000000070e100000|
| 226|0x000000070e200000, 0x000000070e200000, 0x000000070e300000|  0%| F|  |TS  1|AC  0|TAMS 0x000000070e200000, 0x000000070e200000|
| 227|0x000000070e300000, 0x000000070e300000, 0x000000070e400000|  0%| F|  |TS  1|AC  0|TAMS 0x000000070e300000, 0x000000070e300000|
| 228|0x000000070e400000, 0x000000070e400000, 0x000000070e500000|  0%| F|  |TS  1|AC  0|TAMS 0x000000070e400000, 0x000000070e400000|
| 229|0x000000070e500000, 0x000000070e500000, 0x000000070e600000|  0%| F|  |TS  1|AC  0|TAMS 0x000000070e500000, 0x000000070e500000|
| 230|0x000000070e600000, 0x000000070e600000, 0x000000070e700000|  0%| F|  |TS  1|AC  0|TAMS 0x000000070e600000, 0x000000070e600000|
| 231|0x000000070e700000, 0x000000070e7212a8, 0x000000070e800000| 12%| E|  |TS  1|AC  0|TAMS 0x000000070e700000, 0x000000070e700000|
| 232|0x000000070e800000, 0x000000070e900000, 0x000000070e900000|100%| E|CS|TS  1|AC  0|TAMS 0x000000070e800000, 0x000000070e800000|
| 233|0x000000070e900000, 0x000000070ea00000, 0x000000070ea00000|100%| E|CS|TS  1|AC  0|TAMS 0x000000070e900000, 0x000000070e900000|
| 234|0x000000070ea00000, 0x000000070eb00000, 0x000000070eb00000|100%| E|CS|TS  1|AC  0|TAMS 0x000000070ea00000, 0x000000070ea00000|
| 235|0x000000070eb00000, 0x000000070ec00000, 0x000000070ec00000|100%| E|CS|TS  1|AC  0|TAMS 0x000000070eb00000, 0x000000070eb00000|
| 236|0x000000070ec00000, 0x000000070ed00000, 0x000000070ed00000|100%| E|CS|TS  1|AC  0|TAMS 0x000000070ec00000, 0x000000070ec00000|
| 237|0x000000070ed00000, 0x000000070ee00000, 0x000000070ee00000|100%| E|CS|TS  1|AC  0|TAMS 0x000000070ed00000, 0x000000070ed00000|
| 238|0x000000070ee00000, 0x000000070ef00000, 0x000000070ef00000|100%| E|CS|TS  1|AC  0|TAMS 0x000000070ee00000, 0x000000070ee00000|
| 239|0x000000070ef00000, 0x000000070f000000, 0x000000070f000000|100%| E|CS|TS  1|AC  0|TAMS 0x000000070ef00000, 0x000000070ef00000|
| 240|0x000000070f000000, 0x000000070f100000, 0x000000070f100000|100%| E|CS|TS  1|AC  0|TAMS 0x000000070f000000, 0x000000070f000000|
| 241|0x000000070f100000, 0x000000070f200000, 0x000000070f200000|100%| E|CS|TS  1|AC  0|TAMS 0x000000070f100000, 0x000000070f100000|
| 242|0x000000070f200000, 0x000000070f300000, 0x000000070f300000|100%| E|CS|TS  1|AC  0|TAMS 0x000000070f200000, 0x000000070f200000|
| 243|0x000000070f300000, 0x000000070f400000, 0x000000070f400000|100%| E|CS|TS  1|AC  0|TAMS 0x000000070f300000, 0x000000070f300000|
| 244|0x000000070f400000, 0x000000070f500000, 0x000000070f500000|100%| E|CS|TS  1|AC  0|TAMS 0x000000070f400000, 0x000000070f400000|

Card table byte_map: [0x00000179d9270000,0x00000179d9870000] byte_map_base: 0x00000179d5a70000

Marking Bits (Prev, Next): (CMBitMap*) 0x00000179dbf63ae8, (CMBitMap*) 0x00000179dbf63ab0
 Prev Bits: [0x00000179f5570000, 0x00000179f8570000)
 Next Bits: [0x00000179f2570000, 0x00000179f5570000)

Polling page: 0x00000179cde70000

CodeHeap 'non-profiled nmethods': size=120000Kb used=20735Kb max_used=20896Kb free=99264Kb
 bounds [0x00000179eb040000, 0x00000179ec4b0000, 0x00000179f2570000]
CodeHeap 'profiled nmethods': size=120000Kb used=45114Kb max_used=46231Kb free=74885Kb
 bounds [0x00000179e3b10000, 0x00000179e6930000, 0x00000179eb040000]
CodeHeap 'non-nmethods': size=5760Kb used=1878Kb max_used=1952Kb free=3882Kb
 bounds [0x00000179e3570000, 0x00000179e37e0000, 0x00000179e3b10000]
 total_blobs=33520 nmethods=17780 adapters=1257
 compilation: enabled

Compilation events (10 events):
Event: 1322.629 Thread 0x00000179dc5d1800 22979       3       ui.views.c.t.a.b::dVe (16 bytes)
Event: 1322.629 Thread 0x00000179dc5d1800 nmethod 22979 0x00000179e585e310 code [0x00000179e585e500, 0x00000179e585ebd8]
Event: 1322.629 Thread 0x00000179dc5d1800 22980       3       ui.views.c.w.l::dVe (5 bytes)
Event: 1322.630 Thread 0x00000179dc5d1800 nmethod 22980 0x00000179e58a6310 code [0x00000179e58a6540, 0x00000179e58a7110]
Event: 1322.630 Thread 0x00000179dc5d1800 22981       3       ui.views.c.w.l::bq (29 bytes)
Event: 1322.630 Thread 0x00000179dc5d1800 nmethod 22981 0x00000179e58b1210 code [0x00000179e58b1440, 0x00000179e58b1f90]
Event: 1322.630 Thread 0x00000179dc5d1800 22982       3       ui.views.c.bm::dVe (8 bytes)
Event: 1322.630 Thread 0x00000179dc5d1800 nmethod 22982 0x00000179e563f610 code [0x00000179e563f7e0, 0x00000179e563fbd8]
Event: 1323.004 Thread 0x00000179dc5d1800 22983       1       ui.views.c.t.b.a::a (5 bytes)
Event: 1323.004 Thread 0x00000179dc5d1800 nmethod 22983 0x00000179ebdbf490 code [0x00000179ebdbf640, 0x00000179ebdbf738]

GC Heap History (10 events):
Event: 1276.640 GC heap before
{Heap before GC invocations=334 (full 23):
 garbage-first heap   total 250880K, used 169366K [0x0000000700000000, 0x00000007001007a8, 0x00000007c0000000)
  region size 1024K, 15 young (15360K), 1 survivors (1024K)
 Metaspace       used 94195K, capacity 101317K, committed 101504K, reserved 1136640K
  class space    used 13393K, capacity 14637K, committed 14720K, reserved 1048576K
}
Event: 1276.808 GC heap after
{Heap after GC invocations=335 (full 24):
 garbage-first heap   total 250880K, used 140268K [0x0000000700000000, 0x00000007001007a8, 0x00000007c0000000)
  region size 1024K, 0 young (0K), 0 survivors (0K)
 Metaspace       used 94195K, capacity 101317K, committed 101504K, reserved 1136640K
  class space    used 13393K, capacity 14637K, committed 14720K, reserved 1048576K
}
Event: 1288.357 GC heap before
{Heap before GC invocations=335 (full 24):
 garbage-first heap   total 250880K, used 154604K [0x0000000700000000, 0x00000007001007a8, 0x00000007c0000000)
  region size 1024K, 15 young (15360K), 0 survivors (0K)
 Metaspace       used 94209K, capacity 101381K, committed 101504K, reserved 1136640K
  class space    used 13393K, capacity 14637K, committed 14720K, reserved 1048576K
}
Event: 1288.523 GC heap after
{Heap after GC invocations=336 (full 25):
 garbage-first heap   total 250880K, used 140283K [0x0000000700000000, 0x00000007001007a8, 0x00000007c0000000)
  region size 1024K, 0 young (0K), 0 survivors (0K)
 Metaspace       used 94209K, capacity 101381K, committed 101504K, reserved 1136640K
  class space    used 13393K, capacity 14637K, committed 14720K, reserved 1048576K
}
Event: 1307.027 GC heap before
{Heap before GC invocations=336 (full 25):
 garbage-first heap   total 250880K, used 156667K [0x0000000700000000, 0x00000007001007a8, 0x00000007c0000000)
  region size 1024K, 17 young (17408K), 0 survivors (0K)
 Metaspace       used 94218K, capacity 101381K, committed 101504K, reserved 1136640K
  class space    used 13393K, capacity 14637K, committed 14720K, reserved 1048576K
}
Event: 1307.197 GC heap after
{Heap after GC invocations=337 (full 26):
 garbage-first heap   total 250880K, used 140288K [0x0000000700000000, 0x00000007001007a8, 0x00000007c0000000)
  region size 1024K, 0 young (0K), 0 survivors (0K)
 Metaspace       used 94218K, capacity 101381K, committed 101504K, reserved 1136640K
  class space    used 13393K, capacity 14637K, committed 14720K, reserved 1048576K
}
Event: 1320.214 GC heap before
{Heap before GC invocations=337 (full 26):
 garbage-first heap   total 250880K, used 201728K [0x0000000700000000, 0x00000007001007a8, 0x00000007c0000000)
  region size 1024K, 60 young (61440K), 0 survivors (0K)
 Metaspace       used 94226K, capacity 101381K, committed 101504K, reserved 1136640K
  class space    used 13393K, capacity 14637K, committed 14720K, reserved 1048576K
}
Event: 1320.216 GC heap after
{Heap after GC invocations=338 (full 26):
 garbage-first heap   total 250880K, used 141172K [0x0000000700000000, 0x00000007001007a8, 0x00000007c0000000)
  region size 1024K, 1 young (1024K), 1 survivors (1024K)
 Metaspace       used 94226K, capacity 101381K, committed 101504K, reserved 1136640K
  class space    used 13393K, capacity 14637K, committed 14720K, reserved 1048576K
}
Event: 1321.658 GC heap before
{Heap before GC invocations=339 (full 26):
 garbage-first heap   total 250880K, used 201588K [0x0000000700000000, 0x00000007001007a8, 0x00000007c0000000)
  region size 1024K, 60 young (61440K), 1 survivors (1024K)
 Metaspace       used 94238K, capacity 101381K, committed 101504K, reserved 1136640K
  class space    used 13393K, capacity 14637K, committed 14720K, reserved 1048576K
}
Event: 1321.660 GC heap after
{Heap after GC invocations=340 (full 26):
 garbage-first heap   total 250880K, used 141041K [0x0000000700000000, 0x00000007001007a8, 0x00000007c0000000)
  region size 1024K, 1 young (1024K), 1 survivors (1024K)
 Metaspace       used 94238K, capacity 101381K, committed 101504K, reserved 1136640K
  class space    used 13393K, capacity 14637K, committed 14720K, reserved 1048576K
}

Deoptimization events (10 events):
Event: 1076.705 Thread 0x00000179d57fe800 Uncommon trap: reason=unstable_if action=reinterpret pc=0x00000179ebbb9cf4 method=sun.java2d.pipe.Region.getIntersectionXYXY(IIII)Lsun/java2d/pipe/Region; @ 23 c2
Event: 1076.705 Thread 0x00000179d57fe800 Uncommon trap: reason=unstable_if action=reinterpret pc=0x00000179eb1e3bb0 method=sun.java2d.pipe.Region.getIntersectionXYXY(IIII)Lsun/java2d/pipe/Region; @ 23 c2
Event: 1121.845 Thread 0x00000179d57fe800 Uncommon trap: reason=unstable_if action=reinterpret pc=0x00000179ec426478 method=java.awt.Container$MouseEventTargetFilter.accept(Ljava/awt/Component;)Z @ 50 c2
Event: 1262.945 Thread 0x00000179d57fe800 Uncommon trap: reason=class_check action=maybe_recompile pc=0x00000179ec109784 method=ui.views.waveform.executive.protobuf.WVTree$WVTreeNode.getColumnValuesCount()I @ 4 c2
Event: 1262.945 Thread 0x00000179d57fe800 Uncommon trap: reason=class_check action=maybe_recompile pc=0x00000179ec109784 method=ui.views.waveform.executive.protobuf.WVTree$WVTreeNode.getColumnValuesCount()I @ 4 c2
Event: 1276.634 Thread 0x00000179d57fe800 Uncommon trap: reason=bimorphic_or_optimized_type_check action=maybe_recompile pc=0x00000179eb1e7318 method=sun.java2d.marlin.Stroker$PolyStack.popAll(Lsun/awt/geom/PathConsumer2D;)V @ 202 c2
Event: 1276.634 Thread 0x00000179d57fe800 Uncommon trap: reason=bimorphic_or_optimized_type_check action=maybe_recompile pc=0x00000179eb1e7318 method=sun.java2d.marlin.Stroker$PolyStack.popAll(Lsun/awt/geom/PathConsumer2D;)V @ 202 c2
Event: 1276.634 Thread 0x00000179d57fe800 Uncommon trap: reason=class_check action=maybe_recompile pc=0x00000179ec141500 method=sun.java2d.pipe.SpanShapeRenderer.fill(Lsun/java2d/SunGraphics2D;Ljava/awt/Shape;)V @ 1 c2
Event: 1316.413 Thread 0x00000179d57fe800 Uncommon trap: reason=unstable_if action=reinterpret pc=0x00000179ebaf8d88 method=javax.swing.JComponent.paintChildren(Ljava/awt/Graphics;)V @ 384 c2
Event: 1318.133 Thread 0x00000179d57fe800 Uncommon trap: reason=class_check action=maybe_recompile pc=0x00000179ec101b94 method=ui.views.waveform.executive.protobuf.WVTree$WVTreeNode.getColumnValuesCount()I @ 4 c2

Classes redefined (0 events):
No events

Internal exceptions (10 events):
Event: 747.154 Thread 0x00000179d57fe800 Exception <a 'java/lang/NoSuchMethodError'{0x000000070be049f0}: java.lang.invoke.DelegatingMethodHandle$Holder.reinvoke_L(Ljava/lang/Object;Ljava/lang/Object;IILjava/lang/Object;Ljava/lang/Object;ILjava/lang/Object;II)Ljava/lang/Object;> (0x000000070be049
Event: 747.155 Thread 0x00000179d57fe800 Exception <a 'java/lang/NoSuchMethodError'{0x000000070be71400}: java.lang.invoke.DirectMethodHandle$Holder.invokeSpecial(Ljava/lang/Object;Ljava/lang/Object;IIILjava/lang/Object;Ljava/lang/Object;ILjava/lang/Object;II)Ljava/lang/Object;> (0x000000070be714
Event: 747.155 Thread 0x00000179d57fe800 Exception <a 'java/lang/NoSuchMethodError'{0x000000070be75110}: java.lang.invoke.DelegatingMethodHandle$Holder.reinvoke_L(Ljava/lang/Object;IIILjava/lang/Object;Ljava/lang/Object;ILjava/lang/Object;II)Ljava/lang/Object;> (0x000000070be75110) thrown at [t:
Event: 747.156 Thread 0x00000179d57fe800 Exception <a 'java/lang/NoSuchMethodError'{0x000000070be93800}: method resolution failed> (0x000000070be93800) thrown at [t:/workspace/hotspot/src/share/vm/prims/methodHandles.cpp, line 1256]
Event: 747.199 Thread 0x00000179d57fe800 Exception <a 'java/lang/NoSuchMethodError'{0x000000070f3d5f50}: java.lang.invoke.DirectMethodHandle$Holder.invokeSpecial(Ljava/lang/Object;Ljava/lang/Object;ILjava/lang/Object;)V> (0x000000070f3d5f50) thrown at [t:/workspace/hotspot/src/share/vm/interpret
Event: 747.199 Thread 0x00000179d57fe800 Exception <a 'java/lang/NoSuchMethodError'{0x000000070f3db878}: java.lang.invoke.DirectMethodHandle$Holder.invokeStatic(Ljava/lang/Object;Ljava/lang/Object;ILjava/lang/Object;)Ljava/lang/Object;> (0x000000070f3db878) thrown at [t:/workspace/hotspot/src/sh
Event: 763.439 Thread 0x00000179d57fe800 Exception <a 'java/lang/NoSuchMethodError'{0x000000070e33d320}: java.lang.invoke.DirectMethodHandle$Holder.invokeSpecial(Ljava/lang/Object;Ljava/lang/Object;IILjava/lang/Object;ILjava/lang/Object;Ljava/lang/Object;Ljava/lang/Object;)Ljava/lang/Object;> (0
Event: 763.439 Thread 0x00000179d57fe800 Exception <a 'java/lang/NoSuchMethodError'{0x000000070e340f78}: java.lang.invoke.DelegatingMethodHandle$Holder.reinvoke_L(Ljava/lang/Object;IILjava/lang/Object;ILjava/lang/Object;Ljava/lang/Object;Ljava/lang/Object;)Ljava/lang/Object;> (0x000000070e340f78
Event: 763.440 Thread 0x00000179d57fe800 Exception <a 'java/lang/NoSuchMethodError'{0x000000070e3994b8}: method resolution failed> (0x000000070e3994b8) thrown at [t:/workspace/hotspot/src/share/vm/prims/methodHandles.cpp, line 1256]
Event: 763.440 Thread 0x00000179d57fe800 Exception <a 'java/lang/NoSuchMethodError'{0x000000070e39d380}: java.lang.invoke.DelegatingMethodHandle$Holder.reinvoke_L(Ljava/lang/Object;Ljava/lang/Object;ILjava/lang/Object;Ljava/lang/Object;Ljava/lang/Object;)Ljava/lang/Object;> (0x000000070e39d380) 

Events (10 events):
Event: 1321.660 Executing VM operation: G1IncCollectionPause done
Event: 1322.238 Thread 0x0000017997b69800 Thread added: 0x0000017997b69800
Event: 1322.241 Thread 0x0000017997b69800 Thread exited: 0x0000017997b69800
Event: 1322.603 Thread 0x0000017997b6f800 Thread added: 0x0000017997b6f800
Event: 1322.605 Executing VM operation: RevokeBias
Event: 1322.606 Executing VM operation: RevokeBias done
Event: 1322.607 Executing VM operation: RevokeBias
Event: 1322.607 Executing VM operation: RevokeBias done
Event: 1323.239 Thread 0x0000017997b69800 Thread added: 0x0000017997b69800
Event: 1323.242 Thread 0x0000017997b69800 Thread exited: 0x0000017997b69800


Dynamic libraries:
0x00007ff6661b0000 - 0x00007ff6661e0000 	C:\Xilinx\Vivado\2019.1\bin\unwrapped\win64.o\vivado.exe
0x00007ffa5b1b0000 - 0x00007ffa5b3c4000 	C:\WINDOWS\SYSTEM32\ntdll.dll
0x00007ffa59ef0000 - 0x00007ffa59fb2000 	C:\WINDOWS\System32\KERNEL32.DLL
0x00007ffa585f0000 - 0x00007ffa5898c000 	C:\WINDOWS\System32\KERNELBASE.dll
0x00007ffa58db0000 - 0x00007ffa58ec1000 	C:\WINDOWS\System32\ucrtbase.dll
0x00007ffa34000000 - 0x00007ffa3408e000 	C:\WINDOWS\SYSTEM32\MSVCP140.dll
0x00007ffa33fe0000 - 0x00007ffa33ffb000 	C:\WINDOWS\SYSTEM32\VCRUNTIME140.dll
0x00007ffa4d420000 - 0x00007ffa4d434000 	C:\Xilinx\Vivado\2019.1\lib\win64.o\libboost_signals.dll
0x00007ffa44d60000 - 0x00007ffa44d74000 	C:\Xilinx\Vivado\2019.1\lib\win64.o\librdi_commonmain.dll
0x00007ffa33fd0000 - 0x00007ffa33fdc000 	C:\WINDOWS\SYSTEM32\VCRUNTIME140_1.dll
0x00007ff9f4df0000 - 0x00007ff9f5cd2000 	C:\Xilinx\Vivado\2019.1\lib\win64.o\librdi_common.dll
0x00007ffa59540000 - 0x00007ffa596eb000 	C:\WINDOWS\System32\USER32.dll
0x00007ffa44d30000 - 0x00007ffa44d56000 	C:\Xilinx\Vivado\2019.1\lib\win64.o\libboost_filesystem.dll
0x00007ffa539e0000 - 0x00007ffa539ea000 	C:\Xilinx\Vivado\2019.1\lib\win64.o\librdi_commonversion.dll
0x00007ffa58c60000 - 0x00007ffa58c86000 	C:\WINDOWS\System32\win32u.dll
0x00007ffa5a100000 - 0x00007ffa5a1ae000 	C:\WINDOWS\System32\ADVAPI32.dll
0x00007ffa5a050000 - 0x00007ffa5a0f7000 	C:\WINDOWS\System32\msvcrt.dll
0x00007ffa5a6e0000 - 0x00007ffa5a709000 	C:\WINDOWS\System32\GDI32.dll
0x00007ffa5a810000 - 0x00007ffa5a8b4000 	C:\WINDOWS\System32\sechost.dll
0x00007ffa58c90000 - 0x00007ffa58da3000 	C:\WINDOWS\System32\gdi32full.dll
0x00007ffa590b0000 - 0x00007ffa591c7000 	C:\WINDOWS\System32\RPCRT4.dll
0x00007ffa58b00000 - 0x00007ffa58b9a000 	C:\WINDOWS\System32\msvcp_win.dll
0x00007ffa1b550000 - 0x00007ffa1b671000 	C:\Xilinx\Vivado\2019.1\lib\win64.o\librdi_commonxillic.dll
0x000000005d2a0000 - 0x000000005d3cb000 	C:\Xilinx\Vivado\2019.1\lib\win64.o\tcl85t.dll
0x00007ffa59fd0000 - 0x00007ffa5a041000 	C:\WINDOWS\System32\WS2_32.dll
0x00007ffa5a920000 - 0x00007ffa5b110000 	C:\WINDOWS\System32\SHELL32.dll
0x00007ff9f5fe0000 - 0x00007ff9f634e000 	C:\Xilinx\Vivado\2019.1\lib\win64.o\libCOIN-all.dll
0x00007ffa42d00000 - 0x00007ffa42d14000 	C:\Xilinx\Vivado\2019.1\lib\win64.o\libboost_date_time.dll
0x00007ffa1b290000 - 0x00007ffa1b30f000 	C:\Xilinx\Vivado\2019.1\lib\win64.o\libboost_program_options.dll
0x00007ffa1ae90000 - 0x00007ffa1afa4000 	C:\Xilinx\Vivado\2019.1\lib\win64.o\libboost_regex.dll
0x00007ffa50470000 - 0x00007ffa5047b000 	C:\Xilinx\Vivado\2019.1\lib\win64.o\libboost_system.dll
0x00007ffa3cf50000 - 0x00007ffa3cf71000 	C:\Xilinx\Vivado\2019.1\lib\win64.o\libboost_thread.dll
0x00007ffa4d550000 - 0x00007ffa4d55f000 	C:\Xilinx\Vivado\2019.1\lib\win64.o\libboost_xilinx.dll
0x00007ffa1b090000 - 0x00007ffa1b112000 	C:\Xilinx\Vivado\2019.1\lib\win64.o\libhdlpsolve.dll
0x00007ff9f38e0000 - 0x00007ff9f448f400 	C:\Xilinx\Vivado\2019.1\lib\win64.o\libisl_iostreams.dll
0x00007ffa1a980000 - 0x00007ffa1aa25000 	C:\Xilinx\Vivado\2019.1\lib\win64.o\libhdxml.dll
0x00007ffa3cb10000 - 0x00007ffa3cb3e000 	C:\Xilinx\Vivado\2019.1\lib\win64.o\libisl_sysinfo.dll
0x00007ffa3cf30000 - 0x00007ffa3cf4a000 	C:\Xilinx\Vivado\2019.1\lib\win64.o\pthreadVC2.dll
0x00007ffa1a910000 - 0x00007ffa1a975000 	C:\Xilinx\Vivado\2019.1\lib\win64.o\liblmx6.0.dll
0x00007ffa3c040000 - 0x00007ffa3c05c000 	C:\Xilinx\Vivado\2019.1\lib\win64.o\librdiconfig.dll
0x00007ffa3af60000 - 0x00007ffa3af81000 	C:\Xilinx\Vivado\2019.1\lib\win64.o\librdizlib.dll
0x0000000012000000 - 0x0000000012270000 	C:\Xilinx\Vivado\2019.1\lib\win64.o\xerces-c_3_1.dll
0x00007ffa03460000 - 0x00007ffa03738000 	C:\Xilinx\Vivado\2019.1\lib\win64.o\libXil_lmgr11.dll
0x00007ffa5a710000 - 0x00007ffa5a807000 	C:\WINDOWS\System32\COMDLG32.dll
0x00007ffa5a1b0000 - 0x00007ffa5a539000 	C:\WINDOWS\System32\combase.dll
0x00007ffa596f0000 - 0x00007ffa597e1000 	C:\WINDOWS\System32\shcore.dll
0x00007ffa4bc40000 - 0x00007ffa4bc59000 	C:\WINDOWS\SYSTEM32\NETAPI32.dll
0x00007ffa592b0000 - 0x00007ffa5930e000 	C:\WINDOWS\System32\SHLWAPI.dll
0x00007ffa3df80000 - 0x00007ffa3e474000 	C:\WINDOWS\SYSTEM32\WININET.dll
0x00007ffa51610000 - 0x00007ffa51747000 	C:\WINDOWS\SYSTEM32\WINHTTP.dll
0x00007ffa3b900000 - 0x00007ffa3baef000 	C:\WINDOWS\SYSTEM32\urlmon.dll
0x00007ffa591d0000 - 0x00007ffa592a7000 	C:\WINDOWS\System32\OLEAUT32.dll
0x00007ffa5a540000 - 0x00007ffa5a6dc000 	C:\WINDOWS\System32\ole32.dll
0x00007ffa384c0000 - 0x00007ffa384c9000 	C:\WINDOWS\SYSTEM32\WSOCK32.dll
0x00007ff9f2a40000 - 0x00007ff9f38d1000 	C:\Xilinx\Vivado\2019.1\lib\win64.o\gurobi65.dll
0x00007ffa58f50000 - 0x00007ffa58fbb000 	C:\WINDOWS\System32\WINTRUST.dll
0x00007ffa3aa10000 - 0x00007ffa3aa41000 	C:\WINDOWS\SYSTEM32\VCOMP140.DLL
0x00007ffa58990000 - 0x00007ffa58af6000 	C:\WINDOWS\System32\CRYPT32.dll
0x00007ffa4d3a0000 - 0x00007ffa4d3ad000 	C:\Xilinx\Vivado\2019.1\lib\win64.o\libboost_chrono.dll
0x00007ffa3a9f0000 - 0x00007ffa3aa0b000 	C:\Xilinx\Vivado\2019.1\lib\win64.o\libboost_iostreams.dll
0x00007ffa2fbf0000 - 0x00007ffa2fc15000 	C:\Xilinx\Vivado\2019.1\lib\win64.o\libisl_iosutils.dll
0x00007ffa42480000 - 0x00007ffa42533000 	C:\WINDOWS\WinSxS\amd64_microsoft.windows.common-controls_6595b64144ccf1df_5.82.22621.608_none_fb280a3c7926c2cc\COMCTL32.dll
0x00007ffa4c6a0000 - 0x00007ffa4c950000 	C:\WINDOWS\SYSTEM32\iertutil.dll
0x00007ffa50d60000 - 0x00007ffa50d88000 	C:\WINDOWS\SYSTEM32\srvcli.dll
0x00007ffa57110000 - 0x00007ffa5711c000 	C:\WINDOWS\SYSTEM32\netutils.dll
0x00007ffa51510000 - 0x00007ffa5152f000 	C:\WINDOWS\SYSTEM32\dhcpcsvc.DLL
0x00007ffa58fc0000 - 0x00007ffa58ff1000 	C:\WINDOWS\System32\IMM32.DLL
0x00007ffa58290000 - 0x00007ffa582a2000 	C:\WINDOWS\SYSTEM32\MSASN1.dll
0x00007ffa576b0000 - 0x00007ffa576c8000 	C:\WINDOWS\SYSTEM32\kernel.appcore.dll
0x00007ff9f48d0000 - 0x00007ff9f4de7000 	C:\Xilinx\Vivado\2019.1\lib\win64.o\librdi_commontasks.dll
0x00007ffa50390000 - 0x00007ffa5039a000 	C:\WINDOWS\SYSTEM32\VERSION.dll
0x00007ff9fc580000 - 0x00007ff9fc806000 	C:\Xilinx\Vivado\2019.1\lib\win64.o\librdi_sio.dll
0x000000005c870000 - 0x000000005d295000 	C:\Xilinx\Vivado\2019.1\tps\win64\jre9.0.4\bin\server\jvm.dll
0x00007ffa594e0000 - 0x00007ffa594e8000 	C:\WINDOWS\System32\PSAPI.DLL
0x00007ffa57120000 - 0x00007ffa5714d000 	C:\WINDOWS\SYSTEM32\IPHLPAPI.DLL
0x00007ffa4db90000 - 0x00007ffa4dbc4000 	C:\WINDOWS\SYSTEM32\WINMM.dll
0x00007ffa08810000 - 0x00007ffa088ff000 	C:\WINDOWS\SYSTEM32\MSVCR120.dll
0x00007ffa57ba0000 - 0x00007ffa57c09000 	C:\WINDOWS\SYSTEM32\MSWSOCK.DLL
0x00007ffa56600000 - 0x00007ffa56ecd000 	C:\WINDOWS\SYSTEM32\windows.storage.dll
0x00007ffa564c0000 - 0x00007ffa565fe000 	C:\WINDOWS\SYSTEM32\wintypes.dll
0x00007ff9efb30000 - 0x00007ff9f1fec000 	C:\Xilinx\Vivado\2019.1\lib\win64.o\librdi_tcltasks.dll
0x00007ff9ef720000 - 0x00007ff9efb28000 	C:\Xilinx\Vivado\2019.1\lib\win64.o\librdi_bitstream.dll
0x00007ffa03f80000 - 0x00007ffa04111000 	C:\Xilinx\Vivado\2019.1\lib\win64.o\librdi_board.dll
0x00007ffa08720000 - 0x00007ffa0880b000 	C:\Xilinx\Vivado\2019.1\lib\win64.o\librdi_chipscope.dll
0x00007ffa1a890000 - 0x00007ffa1a908000 	C:\Xilinx\Vivado\2019.1\lib\win64.o\librdi_boarddep.dll
0x00007ff9f4710000 - 0x00007ff9f48cd000 	C:\Xilinx\Vivado\2019.1\lib\win64.o\librdi_chipscopeimpl.dll
0x00007ffa037b0000 - 0x00007ffa03906000 	C:\Xilinx\Vivado\2019.1\lib\win64.o\librdi_containers.dll
0x00007ff9edd30000 - 0x00007ff9ef71a000 	C:\Xilinx\Vivado\2019.1\lib\win64.o\librdi_constraints.dll
0x00007ff9eb790000 - 0x00007ff9ebe6a000 	C:\Xilinx\Vivado\2019.1\lib\win64.o\librdi_coregenipxact.dll
0x00007ff9ebe70000 - 0x00007ff9edd21000 	C:\Xilinx\Vivado\2019.1\lib\win64.o\librdi_coregen.dll
0x00007ff9e7740000 - 0x00007ff9eb783000 	C:\Xilinx\Vivado\2019.1\lib\win64.o\librdi_designutils.dll
0x00007ff9d4a50000 - 0x00007ff9d4fea000 	C:\Xilinx\Vivado\2019.1\lib\win64.o\librdi_drc.dll
0x00007ff9e7420000 - 0x00007ff9e773e000 	C:\Xilinx\Vivado\2019.1\lib\win64.o\librdi_dlyest.dll
0x00007ffa05720000 - 0x00007ffa057e4000 	C:\Xilinx\Vivado\2019.1\lib\win64.o\librdi_dsp.dll
0x00007ff9d4760000 - 0x00007ff9d4a43000 	C:\Xilinx\Vivado\2019.1\lib\win64.o\librdi_guitools.dll
0x00007ffa06c30000 - 0x00007ffa06c95000 	C:\Xilinx\Vivado\2019.1\lib\win64.o\librdi_hdf.dll
0x00007ff9d4110000 - 0x00007ff9d475d000 	C:\Xilinx\Vivado\2019.1\lib\win64.o\librdi_filemgmt.dll
0x00007ff9d2530000 - 0x00007ff9d2b45000 	C:\Xilinx\Vivado\2019.1\lib\win64.o\librdi_memdata.dll
0x00007ffa056a0000 - 0x00007ffa05713000 	C:\Xilinx\Vivado\2019.1\lib\win64.o\librdi_memoryarray.dll
0x00007ff9d2b50000 - 0x00007ff9d4110000 	C:\Xilinx\Vivado\2019.1\lib\win64.o\librdi_implflow.dll
0x00007ff9cf190000 - 0x00007ff9cf832000 	C:\Xilinx\Vivado\2019.1\lib\win64.o\librdi_netlist.dll
0x00007ff9cf840000 - 0x00007ff9d2526000 	C:\Xilinx\Vivado\2019.1\lib\win64.o\librdi_mig.dll
0x00007ffa2c040000 - 0x00007ffa2c08b000 	C:\Xilinx\Vivado\2019.1\lib\win64.o\librdi_pfi.dll
0x00007ff9cc800000 - 0x00007ff9ccb0f000 	C:\Xilinx\Vivado\2019.1\lib\win64.o\librdi_platform.dll
0x00007ff9ccb10000 - 0x00007ff9cf186000 	C:\Xilinx\Vivado\2019.1\lib\win64.o\librdi_place.dll
0x00007ff9cc0b0000 - 0x00007ff9cc7fa000 	C:\Xilinx\Vivado\2019.1\lib\win64.o\librdi_power.dll
0x00007ff9d4ff0000 - 0x00007ff9e741c000 	C:\Xilinx\Vivado\2019.1\lib\win64.o\librdi_device.dll
0x00007ff9cbb30000 - 0x00007ff9cc0af000 	C:\Xilinx\Vivado\2019.1\lib\win64.o\librdi_project.dll
0x00007ff9cb420000 - 0x00007ff9cbb29000 	C:\Xilinx\Vivado\2019.1\lib\win64.o\librdi_psta.dll
0x00007ff9fb1f0000 - 0x00007ff9fb2ea000 	C:\Xilinx\Vivado\2019.1\lib\win64.o\librdi_runsbase.dll
0x00007ff9ca6b0000 - 0x00007ff9ca906000 	C:\Xilinx\Vivado\2019.1\lib\win64.o\librdi_simdata.dll
0x00007ff9ca910000 - 0x00007ff9cad01000 	C:\Xilinx\Vivado\2019.1\lib\win64.o\librdi_runs.dll
0x00007ff9cad10000 - 0x00007ff9cb416000 	C:\Xilinx\Vivado\2019.1\lib\win64.o\librdi_rsb.dll
0x00007ff9c9890000 - 0x00007ff9ca6a1000 	C:\Xilinx\Vivado\2019.1\lib\win64.o\librdi_timing.dll
0x00007ff9f28c0000 - 0x00007ff9f2a32000 	C:\Xilinx\Vivado\2019.1\lib\win64.o\librdi_advchipscopeimpl.dll
0x00007ffa241d0000 - 0x00007ffa2421c000 	C:\Xilinx\Vivado\2019.1\lib\win64.o\libboost_serialization.dll
0x00007ff9c96f0000 - 0x00007ff9c988f000 	C:\Xilinx\Vivado\2019.1\lib\win64.o\librdi_hip_devdesign.dll
0x00007ffa03a10000 - 0x00007ffa03ad2000 	C:\Xilinx\Vivado\2019.1\lib\win64.o\librdi_ipconfig_readwrite.dll
0x00007ffa1b500000 - 0x00007ffa1b543000 	C:\Xilinx\Vivado\2019.1\lib\win64.o\librdi_noc_frameworks.dll
0x00007ff9c8ba0000 - 0x00007ff9c96e7000 	C:\Xilinx\Vivado\2019.1\lib\win64.o\libverific.dll
0x00007ff9f6410000 - 0x00007ff9f64ae000 	C:\Xilinx\Vivado\2019.1\lib\win64.o\libise.dll
0x00007ff9c87b0000 - 0x00007ff9c8b95000 	C:\Xilinx\Vivado\2019.1\lib\win64.o\librdi_hip_config.dll
0x00007ff9c8260000 - 0x00007ff9c87ae000 	C:\Xilinx\Vivado\2019.1\lib\win64.o\librdi_xdm.dll
0x00007ffa2db60000 - 0x00007ffa2dba0000 	C:\Xilinx\Vivado\2019.1\lib\win64.o\librdi_wavedata_SimpleApi.dll
0x00007ff9c7c60000 - 0x00007ff9c825c000 	C:\Xilinx\Vivado\2019.1\lib\win64.o\librdi_wavedata.dll
0x00007ff9c5b10000 - 0x00007ff9c6c9d000 	C:\Xilinx\Vivado\2019.1\lib\win64.o\librdi_route.dll
0x00007ffa1abb0000 - 0x00007ffa1abef000 	C:\Xilinx\Vivado\2019.1\lib\win64.o\librdi_schedmon.dll
0x00007ff9c3b40000 - 0x00007ff9c5b0d000 	C:\Xilinx\Vivado\2019.1\lib\win64.o\librdi_synth.dll

VM Arguments:
jvm_args: -Dsun.java2d.pmoffscreen=false -Dsun.java2d.xrender=false -Dsun.java2d.d3d=false -Dsun.awt.nopixfmt=true -Dsun.java2d.dpiaware=true -Dsun.java2d.uiScale.enabled=false -Xverify:none -Dswing.aatext=true -XX:-UsePerfData -Djdk.map.althashing.threshold=512 -XX:StringTableSize=4072 --add-opens=java.base/java.nio=ALL-UNNAMED --add-opens=java.desktop/sun.swing=ALL-UNNAMED --add-opens=java.desktop/javax.swing=ALL-UNNAMED --add-opens=java.desktop/javax.swing.tree=ALL-UNNAMED --add-opens=java.desktop/javax.swing.plaf.basic=ALL-UNNAMED --add-opens=java.desktop/javax.swing.plaf.synth=ALL-UNNAMED --add-opens=java.desktop/com.sun.awt=ALL-UNNAMED -XX:NewSize=60m -XX:MaxNewSize=60m -Xms128m -Xmx3072m -Xss5m 
java_command: <unknown>
java_class_path (initial): C:/Xilinx/Vivado/2019.1\lib\classes\alloy.jar;C:/Xilinx/Vivado/2019.1\lib\classes\autopilot.scelaborator.jar;C:/Xilinx/Vivado/2019.1\lib\classes\autopilot.sourceprocessor.jar;C:/Xilinx/Vivado/2019.1\lib\classes\autopilot.tbprocessor.jar;C:/Xilinx/Vivado/2019.1\lib\classes\batik-anim.jar;C:/Xilinx/Vivado/2019.1\lib\classes\batik-awt-util.jar;C:/Xilinx/Vivado/2019.1\lib\classes\batik-bridge.jar;C:/Xilinx/Vivado/2019.1\lib\classes\batik-codec.jar;C:/Xilinx/Vivado/2019.1\lib\classes\batik-css.jar;C:/Xilinx/Vivado/2019.1\lib\classes\batik-dom.jar;C:/Xilinx/Vivado/2019.1\lib\classes\batik-ext.jar;C:/Xilinx/Vivado/2019.1\lib\classes\batik-gui-util.jar;C:/Xilinx/Vivado/2019.1\lib\classes\batik-gvt.jar;C:/Xilinx/Vivado/2019.1\lib\classes\batik-parser.jar;C:/Xilinx/Vivado/2019.1\lib\classes\batik-script.jar;C:/Xilinx/Vivado/2019.1\lib\classes\batik-svg-dom.jar;C:/Xilinx/Vivado/2019.1\lib\classes\batik-swing.jar;C:/Xilinx/Vivado/2019.1\lib\classes\batik-transcoder.jar;C:/Xilinx/Vivado/2019.1\lib\classes\batik-util.jar;C:/Xilinx/Vivado/2019.1\lib\classes\batik-xml.jar;C:/Xilinx/Vivado/2019.1\lib\classes\com.google.gson_2.7.0.v20170129-0911.jar;C:/Xilinx/Vivado/2019.1\lib\classes\com.google.guava_21.0.0.v20170206-1425.jar;C:/Xilinx/Vivado/2019.1\lib\classes\com.google.inject_3.0.0.v201605172100.jar;C:/Xilinx/Vivado/2019.1\lib\classes\com.ibm.icu_4.4.2.v20110208.jar;C:/Xilinx/Vivado/2019.1\lib\classes\com.sigasi.hdt.annotations.runtime_4.3.0.201903071210.jar;C:/Xilinx/Vivado/2019.1\lib\classes\com.sigasi.hdt.blockdiagram.model_4.3.0.201903071210.jar;C:/Xilinx/Vivado/2019.1\lib\classes\com.sigasi.hdt.connection_4.3.0.201903071210.jar;C:/Xilinx/Vivado/2019.1\lib\classes\com.sigasi.hdt.dependencies.model_4.3.0.201903071210.jar;C:/Xilinx/Vivado/2019.1\lib\classes\com.sigasi.hdt.epl_4.3.0.201903071210.jar;C:/Xilinx/Vivado/2019.1\lib\classes\com.sigasi.hdt.graphics.model_4.3.0.201903071210.jar;C:/Xilinx/Vivado/2019.1\lib\classes\com.sigasi.hdt.project_4.3.0
Launcher Type: generic

Logging:
Log output configuration:
#0: stdout all=warning uptime,level,tags
#1: stderr all=off uptime,level,tags

Environment Variables:
PATH=C:/Xilinx/Vivado/2019.1/bin;C:/Xilinx/Vivado/2019.1/lib/win64.o;C:/Xilinx/Vivado/2019.1/tps/win64/jre9.0.4/bin/server;C:/Xilinx/Vivado/2019.1/tps/win64/jre9.0.4/bin;C:/Xilinx/SDK/2019.1/bin;C:/Xilinx/Vivado/2019.1/ids_lite/ISE/bin/nt64;C:/Xilinx/Vivado/2019.1/ids_lite/ISE/lib/nt64;C:\Program Files\Common Files\Oracle\Java\javapath;C:\Program Files (x86)\Common Files\Oracle\Java\javapath;C:\Windows\system32;C:\Windows;C:\Windows\System32\Wbem;C:\Windows\System32\WindowsPowerShell\v1.0\;C:\Windows\System32\OpenSSH\;F:\matlab\bin;C:\Program Files (x86)\NVIDIA Corporation\PhysX\Common;C:\Program Files\dotnet\;C:\Program Files (x86)\Wolfram Research\WolframScript\;F:\program\ffmpeg\bin;C:\Users\expecto\AppData\Local\Programs\Python\Python310;C:\Program Files (x86)\Bitvise SSH Client;C:\Users\expecto\Downloads\Compressed\platform-tools_r33.0.0-windows\platform-tools;C:\Program Files\NVIDIA Corporation\NVIDIA NvDLISR;C:\Program Files\Vim\vim82;F:\program\Notepad++;C:\Program Files\Git\cmd;C:\Users\expecto\AppData\Local\Programs\Microsoft VS Code\bin;C:\Users\expecto\AppData\Local\Programs\Python\Python39\Scripts\;C:\Users\expecto\AppData\Local\Programs\Python\Python39\;C:\Users\expecto\AppData\Local\Microsoft\WindowsApps;C:\Program Files\JetBrains\PyCharm 2020.3.3\bin;C:\Users\expecto\AppData\Local\Programs\Fiddler;F:\program\MIKTex\miktex\bin\x64\;F:\program\Fiddler;;C:\Program Files\JetBrains\CLion 2023.1\bin;C:/Xilinx/Vivado/2019.1\tps\mingw\6.2.0\win64.o\nt\bin;C:/Xilinx/Vivado/2019.1\tps\mingw\6.2.0\win64.o\nt\libexec\gcc\x86_64-w64-mingw32\6.2.0;C:/Xilinx/Vivado/2019.1\tps\win64\python-2.7.5;C:/Xilinx/Vivado/2019.1\tps\win64\python-2.7.5\lib;C:/Xilinx/Vivado/2019.1\tps\win64\python-2.7.5\Lib\lib-tk;C:/Xilinx/Vivado/2019.1\tps\win64\python-2.7.5\lib\site-packages
USERNAME=expecto
OS=Windows_NT
PROCESSOR_IDENTIFIER=Intel64 Family 6 Model 165 Stepping 5, GenuineIntel



---------------  S Y S T E M  ---------------

OS: Windows 10 , 64 bit Build 22621 (10.0.22621.1485)

CPU:total 12 (initial active 12) (6 cores per cpu, 2 threads per core) family 6 model 165 stepping 5, cmov, cx8, fxsr, mmx, sse, sse2, sse3, ssse3, sse4.1, sse4.2, popcnt, avx, avx2, aes, clmul, erms, 3dnowpref, lzcnt, ht, tsc, tscinvbit, bmi1, bmi2, adx, fma

Memory: 4k page, physical 16713740k(9630484k free), swap 37685260k(27131284k free)

vm_info: Java HotSpot(TM) 64-Bit Server VM (9.0.4+11) for windows-amd64 JRE (9.0.4+11), built on Dec 20 2017 02:18:54 by "mach5one" with MS VC++ 12.0 (VS2013)

END.
